[01m[K/home/nikolavukas/project/src/assignment2_package/src/node_A.cpp:[m[K In function ‘[01m[Kint main(int, char**)[m[K’:
[01m[K/home/nikolavukas/project/src/assignment2_package/src/node_A.cpp:188:13:[m[K [01;31m[Kerror: [m[K‘[01m[Kassignment2_package[m[K’ has not been declared
  188 |             [01;31m[Kassignment2_package[m[K::GetObjectPose getObjSrv;
      |             [01;31m[K^~~~~~~~~~~~~~~~~~~[m[K
[01m[K/home/nikolavukas/project/src/assignment2_package/src/node_A.cpp:189:57:[m[K [01;31m[Kerror: [m[K‘[01m[KgetObjSrv[m[K’ was not declared in this scope
  189 |             if (!ros::service::call("/get_object_pose", [01;31m[KgetObjSrv[m[K))
      |                                                         [01;31m[K^~~~~~~~~[m[K
[01m[K/home/nikolavukas/project/src/assignment2_package/src/node_A.cpp:194:32:[m[K [01;31m[Kerror: [m[K‘[01m[KgetObjSrv[m[K’ was not declared in this scope
  194 |             object_pose_base = [01;31m[KgetObjSrv[m[K.response.obj_pose;
      |                                [01;31m[K^~~~~~~~~[m[K
[01m[K/home/nikolavukas/project/src/assignment2_package/src/node_A.cpp:202:13:[m[K [01;31m[Kerror: [m[K‘[01m[Kassignment2_package[m[K’ has not been declared
  202 |             [01;31m[Kassignment2_package[m[K::PickObject pickSrv;
      |             [01;31m[K^~~~~~~~~~~~~~~~~~~[m[K
[01m[K/home/nikolavukas/project/src/assignment2_package/src/node_A.cpp:203:13:[m[K [01;31m[Kerror: [m[K‘[01m[KpickSrv[m[K’ was not declared in this scope
  203 |             [01;31m[KpickSrv[m[K.request.target = object_pose_base;
      |             [01;31m[K^~~~~~~[m[K
[01m[K/home/nikolavukas/project/src/assignment2_package/src/node_A.cpp:270:105:[m[K [01;35m[Kwarning: [m[K‘[01m[Kdouble moveit::planning_interface::MoveGroupInterface::computeCartesianPath(const std::vector<geometry_msgs::Pose_<std::allocator<void> > >&, double, double, moveit_msgs::RobotTrajectory&, bool, moveit_msgs::MoveItErrorCodes*)[m[K’ is deprecated: Drop jump_threshold [[01;35m[K-Wdeprecated-declarations[m[K]
  270 |         double frac = arm_move_group.computeCartesianPath(waypoints, eef_step, jump_threshold, cart_traj[01;35m[K)[m[K;
      |                                                                                                         [01;35m[K^[m[K
In file included from [01m[K/home/nikolavukas/project/src/assignment2_package/src/node_A.cpp:5[m[K:
[01m[K/opt/ros/noetic/include/moveit/move_group_interface/move_group_interface.h:783:3:[m[K [01;36m[Knote: [m[Kdeclared here
  783 |   [01;36m[KcomputeCartesianPath[m[K(const std::vector<geometry_msgs::Pose>& waypoints, double eef_step, double /*jump_threshold*/,
      |   [01;36m[K^~~~~~~~~~~~~~~~~~~~[m[K
make[2]: *** [CMakeFiles/node_A.dir/build.make:63: CMakeFiles/node_A.dir/src/node_A.cpp.o] Error 1
make[1]: *** [CMakeFiles/Makefile2:384: CMakeFiles/node_A.dir/all] Error 2
make: *** [Makefile:141: all] Error 2
