[  0%] Built target trajectory_msgs_generate_messages_py
[  0%] Built target geometry_msgs_generate_messages_py
[  0%] Built target std_msgs_generate_messages_py
[  0%] Built target _assignment2_package_generate_messages_check_deps_PlaceObject
[  0%] Built target shape_msgs_generate_messages_lisp
[  0%] Built target tiago_iaslab_simulation_generate_messages_nodejs
[  0%] Built target rosgraph_msgs_generate_messages_cpp
[  0%] Built target trajectory_msgs_generate_messages_lisp
[  0%] Built target tiago_iaslab_simulation_generate_messages_cpp
[  0%] Built target moveit_msgs_generate_messages_nodejs
[  0%] Built target moveit_msgs_generate_messages_cpp
[  0%] Built target sensor_msgs_generate_messages_cpp
[  0%] Built target actionlib_msgs_generate_messages_nodejs
[  0%] Built target actionlib_msgs_generate_messages_lisp
[  0%] Built target rosgraph_msgs_generate_messages_eus
[  0%] Built target actionlib_generate_messages_py
[  0%] Built target tf_generate_messages_py
[  0%] Built target _assignment2_package_generate_messages_check_deps_PickObject
[  0%] Built target trajectory_msgs_generate_messages_cpp
[  0%] Built target shape_msgs_generate_messages_eus
[  0%] Built target moveit_msgs_generate_messages_py
[  0%] Built target moveit_ros_planning_gencfg
[  0%] Built target geometry_msgs_generate_messages_lisp
[  0%] Built target geometry_msgs_generate_messages_cpp
[  0%] Built target dynamic_reconfigure_generate_messages_eus
[  0%] Built target geometry_msgs_generate_messages_nodejs
[  0%] Built target roscpp_generate_messages_cpp
[  0%] Built target tf2_msgs_generate_messages_eus
[  0%] Built target sensor_msgs_generate_messages_py
[  0%] Built target moveit_msgs_generate_messages_eus
[  0%] Built target object_recognition_msgs_generate_messages_eus
[  0%] Built target shape_msgs_generate_messages_nodejs
[  0%] Built target sensor_msgs_generate_messages_nodejs
[  0%] Built target object_recognition_msgs_generate_messages_nodejs
[  0%] Built target actionlib_msgs_generate_messages_eus
[  0%] Built target dynamic_reconfigure_generate_messages_py
[  0%] Built target roscpp_generate_messages_py
[  0%] Built target rosgraph_msgs_generate_messages_lisp
[  0%] Built target trajectory_msgs_generate_messages_eus
[  0%] Built target visualization_msgs_generate_messages_cpp
[  0%] Built target tf_generate_messages_eus
[  0%] Built target std_msgs_generate_messages_eus
[  0%] Built target std_srvs_generate_messages_cpp
[  0%] Built target geometry_msgs_generate_messages_eus
[  0%] Built target actionlib_msgs_generate_messages_py
[  0%] Built target sensor_msgs_generate_messages_eus
[  0%] Built target shape_msgs_generate_messages_cpp
[  0%] Built target moveit_ros_manipulation_gencfg
[  0%] Built target actionlib_generate_messages_lisp
[  0%] Built target moveit_msgs_generate_messages_lisp
[  0%] Built target std_msgs_generate_messages_cpp
[  0%] Built target actionlib_generate_messages_cpp
[  0%] Built target nodelet_generate_messages_lisp
[  0%] Built target rosgraph_msgs_generate_messages_nodejs
[  0%] Built target std_msgs_generate_messages_nodejs
[  0%] Built target object_recognition_msgs_generate_messages_cpp
[  0%] Built target actionlib_msgs_generate_messages_cpp
[  0%] Built target trajectory_msgs_generate_messages_nodejs
[  0%] Built target actionlib_generate_messages_nodejs
[  0%] Built target std_srvs_generate_messages_py
[  0%] Built target octomap_msgs_generate_messages_lisp
[  0%] Built target octomap_msgs_generate_messages_cpp
[  0%] Built target std_msgs_generate_messages_lisp
[  0%] Built target actionlib_generate_messages_eus
[  0%] Built target apriltag_ros_generate_messages_py
[  0%] Built target octomap_msgs_generate_messages_nodejs
[  0%] Built target dynamic_reconfigure_generate_messages_cpp
[  0%] Built target bond_generate_messages_nodejs
[  0%] Built target tf2_msgs_generate_messages_cpp
[  0%] Built target dynamic_reconfigure_generate_messages_lisp
[  0%] Built target dynamic_reconfigure_generate_messages_nodejs
[  0%] Built target dynamic_reconfigure_gencfg
[ 11%] Built target assignment2_package_generate_messages_lisp
[ 11%] Built target bond_generate_messages_cpp
[ 11%] Built target visualization_msgs_generate_messages_lisp
[ 11%] Built target tf2_msgs_generate_messages_py
[ 11%] Built target rosgraph_msgs_generate_messages_py
[ 11%] Built target visualization_msgs_generate_messages_py
[ 11%] Built target visualization_msgs_generate_messages_nodejs
[ 11%] Built target octomap_msgs_generate_messages_py
[ 11%] Built target apriltag_ros_generate_messages_lisp
[ 11%] Built target tf_generate_messages_cpp
[ 11%] Built target shape_msgs_generate_messages_py
[ 11%] Built target tf2_msgs_generate_messages_lisp
[ 11%] Built target tf_generate_messages_nodejs
[ 11%] Built target nodelet_generate_messages_py
[ 11%] Built target std_srvs_generate_messages_eus
[ 11%] Built target tiago_iaslab_simulation_generate_messages_py
[ 11%] Built target roscpp_generate_messages_lisp
[ 11%] Built target std_srvs_generate_messages_nodejs
[ 11%] Built target std_srvs_generate_messages_lisp
[ 11%] Built target tiago_iaslab_simulation_generate_messages_eus
[ 11%] Built target tf_generate_messages_lisp
[ 11%] Built target tiago_iaslab_simulation_generate_messages_lisp
[ 11%] Built target apriltag_ros_generate_messages_cpp
[ 11%] Built target object_recognition_msgs_generate_messages_lisp
[ 11%] Built target apriltag_ros_generate_messages_eus
[ 11%] Built target visualization_msgs_generate_messages_eus
[ 11%] Built target roscpp_generate_messages_eus
[ 11%] Built target octomap_msgs_generate_messages_eus
[ 11%] Built target sensor_msgs_generate_messages_lisp
[ 11%] Built target tf2_msgs_generate_messages_nodejs
[ 11%] Built target apriltag_ros_generate_messages_nodejs
[ 11%] Built target nodelet_generate_messages_eus
[ 11%] Built target nodelet_generate_messages_cpp
[ 11%] Built target object_recognition_msgs_generate_messages_py
[ 11%] Built target bond_generate_messages_lisp
[ 11%] Built target nodelet_generate_messages_nodejs
[ 22%] Built target assignment2_package_generate_messages_cpp
[ 22%] Built target bond_generate_messages_eus
[ 22%] Built target roscpp_generate_messages_nodejs
[ 22%] Built target bond_generate_messages_py
[ 33%] Built target assignment2_package_generate_messages_nodejs
[ 50%] Built target assignment2_package_generate_messages_py
[ 66%] Built target assignment2_package_generate_messages_eus
[35m[1mScanning dependencies of target manipulation_node[0m
[ 77%] Built target coordinator_node
[ 77%] Built target assignment2_package_generate_messages
[ 88%] Built target detection_collision_node
[ 94%] [32mBuilding CXX object CMakeFiles/manipulation_node.dir/src/manipulation_node.cpp.o[0m
[01m[K/home/nikolavukas/project/src/assignment2_package/src/manipulation_node.cpp:[m[K In function ‘[01m[Kbool controlGripper(const ros::NodeHandle&, const string&)[m[K’:
[01m[K/home/nikolavukas/project/src/assignment2_package/src/manipulation_node.cpp:23:99:[m[K [01;31m[Kerror: [m[Kno matching function for call to ‘[01m[Kros::NodeHandle::serviceClient<std_srvs::Trigger>(std::__cxx11::basic_string<char>) const[m[K’
   23 |   ros::ServiceClient client = nh.serviceClient<std_srvs::Trigger>("/gripper_controller/" + command[01;31m[K)[m[K;
      |                                                                                                   [01;31m[K^[m[K
In file included from [01m[K/opt/ros/noetic/include/ros/ros.h:45[m[K,
                 from [01m[K/home/nikolavukas/project/src/assignment2_package/src/manipulation_node.cpp:1[m[K:
[01m[K/opt/ros/noetic/include/ros/node_handle.h:1238:17:[m[K [01;36m[Knote: [m[Kcandidate: ‘[01m[Ktemplate<class MReq, class MRes> ros::ServiceClient ros::NodeHandle::serviceClient(const string&, bool, const M_string&)[m[K’
 1238 |   ServiceClient [01;36m[KserviceClient[m[K(const std::string& service_name, bool persistent = false,
      |                 [01;36m[K^~~~~~~~~~~~~[m[K
[01m[K/opt/ros/noetic/include/ros/node_handle.h:1238:17:[m[K [01;36m[Knote: [m[K  template argument deduction/substitution failed:
[01m[K/home/nikolavukas/project/src/assignment2_package/src/manipulation_node.cpp:23:99:[m[K [01;36m[Knote: [m[K  couldn’t deduce template parameter ‘[01m[KMRes[m[K’
   23 |   ros::ServiceClient client = nh.serviceClient<std_srvs::Trigger>("/gripper_controller/" + command[01;36m[K)[m[K;
      |                                                                                                   [01;36m[K^[m[K
In file included from [01m[K/opt/ros/noetic/include/ros/ros.h:45[m[K,
                 from [01m[K/home/nikolavukas/project/src/assignment2_package/src/manipulation_node.cpp:1[m[K:
[01m[K/opt/ros/noetic/include/ros/node_handle.h:1258:17:[m[K [01;36m[Knote: [m[Kcandidate: ‘[01m[Kros::ServiceClient ros::NodeHandle::serviceClient(const string&, bool, const M_string&) [with Service = std_srvs::Trigger; std::string = std::__cxx11::basic_string<char>; ros::M_string = std::map<std::__cxx11::basic_string<char>, std::__cxx11::basic_string<char> >][m[K’ <near match>
 1258 |   ServiceClient [01;36m[KserviceClient[m[K(const std::string& service_name, bool persistent = false,
      |                 [01;36m[K^~~~~~~~~~~~~[m[K
[01m[K/opt/ros/noetic/include/ros/node_handle.h:1258:17:[m[K [01;36m[Knote: [m[K  passing ‘[01m[Kconst ros::NodeHandle*[m[K’ as ‘[01m[Kthis[m[K’ argument discards qualifiers
make[2]: *** [CMakeFiles/manipulation_node.dir/build.make:63: CMakeFiles/manipulation_node.dir/src/manipulation_node.cpp.o] Error 1
make[1]: *** [CMakeFiles/Makefile2:378: CMakeFiles/manipulation_node.dir/all] Error 2
make: *** [Makefile:141: all] Error 2
