[  0%] Built target _assignment2_package_generate_messages_check_deps_PlaceObject
[  0%] Built target geometry_msgs_generate_messages_py
[  0%] Built target _assignment2_package_generate_messages_check_deps_PickObject
[  0%] Built target std_msgs_generate_messages_py
[  0%] Built target trajectory_msgs_generate_messages_py
[  0%] Built target rosgraph_msgs_generate_messages_cpp
[  0%] Built target tiago_iaslab_simulation_generate_messages_nodejs
[  0%] Built target trajectory_msgs_generate_messages_lisp
[  0%] Built target shape_msgs_generate_messages_lisp
[  0%] Built target tiago_iaslab_simulation_generate_messages_cpp
[  0%] Built target sensor_msgs_generate_messages_cpp
[  0%] Built target moveit_msgs_generate_messages_nodejs
[  0%] Built target moveit_msgs_generate_messages_cpp
[  0%] Built target actionlib_msgs_generate_messages_lisp
[  0%] Built target actionlib_msgs_generate_messages_nodejs
[  0%] Built target tf_generate_messages_py
[  0%] Built target trajectory_msgs_generate_messages_cpp
[  0%] Built target actionlib_generate_messages_py
[  0%] Built target rosgraph_msgs_generate_messages_eus
[  0%] Built target shape_msgs_generate_messages_eus
[  0%] Built target moveit_ros_planning_gencfg
[  0%] Built target geometry_msgs_generate_messages_lisp
[  0%] Built target geometry_msgs_generate_messages_cpp
[  0%] Built target moveit_msgs_generate_messages_py
[  0%] Built target roscpp_generate_messages_cpp
[  0%] Built target dynamic_reconfigure_generate_messages_eus
[  0%] Built target geometry_msgs_generate_messages_nodejs
[  0%] Built target tf2_msgs_generate_messages_eus
[  0%] Built target object_recognition_msgs_generate_messages_eus
[  0%] Built target sensor_msgs_generate_messages_py
[  0%] Built target shape_msgs_generate_messages_nodejs
[  0%] Built target moveit_msgs_generate_messages_eus
[  0%] Built target roscpp_generate_messages_py
[  0%] Built target sensor_msgs_generate_messages_nodejs
[  0%] Built target object_recognition_msgs_generate_messages_nodejs
[  0%] Built target actionlib_msgs_generate_messages_eus
[  0%] Built target dynamic_reconfigure_generate_messages_py
[  0%] Built target rosgraph_msgs_generate_messages_lisp
[  0%] Built target tf_generate_messages_eus
[  0%] Built target trajectory_msgs_generate_messages_eus
[  0%] Built target std_msgs_generate_messages_eus
[  0%] Built target geometry_msgs_generate_messages_eus
[  0%] Built target visualization_msgs_generate_messages_cpp
[  0%] Built target std_srvs_generate_messages_cpp
[  0%] Built target sensor_msgs_generate_messages_eus
[  0%] Built target moveit_ros_manipulation_gencfg
[  0%] Built target shape_msgs_generate_messages_cpp
[  0%] Built target actionlib_generate_messages_lisp
[  0%] Built target moveit_msgs_generate_messages_lisp
[  0%] Built target actionlib_generate_messages_cpp
[  0%] Built target actionlib_msgs_generate_messages_py
[  0%] Built target std_msgs_generate_messages_nodejs
[  0%] Built target rosgraph_msgs_generate_messages_nodejs
[  0%] Built target std_msgs_generate_messages_cpp
[  0%] Built target nodelet_generate_messages_lisp
[  0%] Built target actionlib_msgs_generate_messages_cpp
[  0%] Built target object_recognition_msgs_generate_messages_cpp
[  0%] Built target trajectory_msgs_generate_messages_nodejs
[  0%] Built target actionlib_generate_messages_nodejs
[  0%] Built target std_srvs_generate_messages_py
[  0%] Built target std_msgs_generate_messages_lisp
[  0%] Built target octomap_msgs_generate_messages_lisp
[  0%] Built target octomap_msgs_generate_messages_cpp
[  0%] Built target octomap_msgs_generate_messages_nodejs
[  0%] Built target actionlib_generate_messages_eus
[  0%] Built target bond_generate_messages_nodejs
[  0%] Built target apriltag_ros_generate_messages_py
[  0%] Built target dynamic_reconfigure_generate_messages_cpp
[  0%] Built target tf2_msgs_generate_messages_cpp
[  0%] Built target dynamic_reconfigure_generate_messages_nodejs
[  0%] Built target dynamic_reconfigure_generate_messages_lisp
[  0%] Built target bond_generate_messages_cpp
[  0%] Built target tf2_msgs_generate_messages_py
[  0%] Built target dynamic_reconfigure_gencfg
[ 10%] Built target assignment2_package_generate_messages_lisp
[ 10%] Built target visualization_msgs_generate_messages_lisp
[ 10%] Built target visualization_msgs_generate_messages_nodejs
[ 10%] Built target rosgraph_msgs_generate_messages_py
[ 10%] Built target octomap_msgs_generate_messages_py
[ 10%] Built target tf2_msgs_generate_messages_lisp
[ 10%] Built target visualization_msgs_generate_messages_py
[ 10%] Built target tf_generate_messages_cpp
[ 10%] Built target tf_generate_messages_nodejs
[ 10%] Built target shape_msgs_generate_messages_py
[ 10%] Built target tiago_iaslab_simulation_generate_messages_py
[ 10%] Built target apriltag_ros_generate_messages_lisp
[ 10%] Built target std_srvs_generate_messages_eus
[ 10%] Built target std_srvs_generate_messages_lisp
[ 10%] Built target roscpp_generate_messages_lisp
[ 10%] Built target nodelet_generate_messages_py
[ 10%] Built target tf_generate_messages_lisp
[ 10%] Built target std_srvs_generate_messages_nodejs
[ 10%] Built target tiago_iaslab_simulation_generate_messages_lisp
[ 10%] Built target apriltag_ros_generate_messages_cpp
[ 10%] Built target tiago_iaslab_simulation_generate_messages_eus
[ 10%] Built target roscpp_generate_messages_eus
[ 10%] Built target object_recognition_msgs_generate_messages_lisp
[ 10%] Built target apriltag_ros_generate_messages_eus
[ 10%] Built target apriltag_ros_generate_messages_nodejs
[ 10%] Built target visualization_msgs_generate_messages_eus
[ 10%] Built target octomap_msgs_generate_messages_eus
[ 10%] Built target tf2_msgs_generate_messages_nodejs
[ 10%] Built target sensor_msgs_generate_messages_lisp
[ 10%] Built target nodelet_generate_messages_eus
[ 10%] Built target nodelet_generate_messages_cpp
[ 10%] Built target object_recognition_msgs_generate_messages_py
[ 10%] Built target nodelet_generate_messages_nodejs
[ 10%] Built target bond_generate_messages_eus
[ 10%] Built target bond_generate_messages_lisp
[ 10%] Built target bond_generate_messages_py
[ 10%] Built target roscpp_generate_messages_nodejs
[ 20%] Built target assignment2_package_generate_messages_cpp
[ 35%] Built target assignment2_package_generate_messages_py
[ 45%] Built target assignment2_package_generate_messages_nodejs
[ 60%] Built target assignment2_package_generate_messages_eus
[ 60%] Built target assignment2_package_generate_messages
[35m[1mScanning dependencies of target detection_collision_node[0m
[ 70%] Built target move_head_down_node
[ 80%] Built target manipulation_node
[ 90%] Built target coordinator_node
[ 95%] [32mBuilding CXX object CMakeFiles/detection_collision_node.dir/src/detection_collision_node.cpp.o[0m
[01m[K/home/nikolavukas/project/src/assignment2_package/src/detection_collision_node.cpp:[m[K In function ‘[01m[Kvoid tagDetectionsCallback(const ConstPtr&)[m[K’:
[01m[K/home/nikolavukas/project/src/assignment2_package/src/detection_collision_node.cpp:205:45:[m[K [01;31m[Kerror: [m[Kno match for ‘[01m[Koperator=[m[K’ (operand types are ‘[01m[Kgeometry_msgs::PoseStamped_<std::allocator<void> >::_pose_type[m[K’ {aka ‘[01m[Kgeometry_msgs::Pose_<std::allocator<void> >[m[K’} and ‘[01m[Kgeometry_msgs::Transform[m[K’ {aka ‘[01m[Kgeometry_msgs::Transform_<std::allocator<void> >[m[K’})
  205 |     tagPoseWorld.pose = tf2::toMsg(worldPose[01;31m[K)[m[K;
      |                                             [01;31m[K^[m[K
In file included from [01m[K/opt/ros/noetic/include/geometry_msgs/PoseWithCovariance.h:18[m[K,
                 from [01m[K/opt/ros/noetic/include/geometry_msgs/PoseWithCovarianceStamped.h:19[m[K,
                 from [01m[K/home/nikolavukas/project/devel/.private/apriltag_ros/include/apriltag_ros/AprilTagDetection.h:18[m[K,
                 from [01m[K/home/nikolavukas/project/devel/.private/apriltag_ros/include/apriltag_ros/AprilTagDetectionArray.h:19[m[K,
                 from [01m[K/home/nikolavukas/project/src/assignment2_package/src/detection_collision_node.cpp:2[m[K:
[01m[K/opt/ros/noetic/include/geometry_msgs/Pose.h:24:8:[m[K [01;36m[Knote: [m[Kcandidate: ‘[01m[Kconstexpr geometry_msgs::Pose_<std::allocator<void> >& geometry_msgs::Pose_<std::allocator<void> >::operator=(const geometry_msgs::Pose_<std::allocator<void> >&)[m[K’
   24 | struct [01;36m[KPose_[m[K
      |        [01;36m[K^~~~~[m[K
[01m[K/opt/ros/noetic/include/geometry_msgs/Pose.h:24:8:[m[K [01;36m[Knote: [m[K  no known conversion for argument 1 from ‘[01m[Kgeometry_msgs::Transform[m[K’ {aka ‘[01m[Kgeometry_msgs::Transform_<std::allocator<void> >[m[K’} to ‘[01m[Kconst geometry_msgs::Pose_<std::allocator<void> >&[m[K’
[01m[K/opt/ros/noetic/include/geometry_msgs/Pose.h:24:8:[m[K [01;36m[Knote: [m[Kcandidate: ‘[01m[Kconstexpr geometry_msgs::Pose_<std::allocator<void> >& geometry_msgs::Pose_<std::allocator<void> >::operator=(geometry_msgs::Pose_<std::allocator<void> >&&)[m[K’
[01m[K/opt/ros/noetic/include/geometry_msgs/Pose.h:24:8:[m[K [01;36m[Knote: [m[K  no known conversion for argument 1 from ‘[01m[Kgeometry_msgs::Transform[m[K’ {aka ‘[01m[Kgeometry_msgs::Transform_<std::allocator<void> >[m[K’} to ‘[01m[Kgeometry_msgs::Pose_<std::allocator<void> >&&[m[K’
make[2]: *** [CMakeFiles/detection_collision_node.dir/build.make:63: CMakeFiles/detection_collision_node.dir/src/detection_collision_node.cpp.o] Error 1
make[1]: *** [CMakeFiles/Makefile2:519: CMakeFiles/detection_collision_node.dir/all] Error 2
make: *** [Makefile:141: all] Error 2
