[  0%] Built target rosgraph_msgs_generate_messages_cpp
[  0%] Built target trajectory_msgs_generate_messages_py
[  0%] Built target geometry_msgs_generate_messages_py
[  0%] Built target std_msgs_generate_messages_py
[  0%] Built target shape_msgs_generate_messages_lisp
[  0%] Built target tiago_iaslab_simulation_generate_messages_nodejs
[  0%] Built target trajectory_msgs_generate_messages_lisp
[  0%] Built target tiago_iaslab_simulation_generate_messages_cpp
[  0%] Built target _assignment2_package_generate_messages_check_deps_PickObject
[  0%] Built target moveit_msgs_generate_messages_nodejs
[  0%] Built target _assignment2_package_generate_messages_check_deps_PlaceObject
[  0%] Built target actionlib_msgs_generate_messages_lisp
[  0%] Built target moveit_msgs_generate_messages_cpp
[  0%] Built target actionlib_msgs_generate_messages_nodejs
[  0%] Built target trajectory_msgs_generate_messages_cpp
[  0%] Built target sensor_msgs_generate_messages_cpp
[  0%] Built target actionlib_generate_messages_py
[  0%] Built target rosgraph_msgs_generate_messages_eus
[  0%] Built target moveit_ros_planning_gencfg
[  0%] Built target geometry_msgs_generate_messages_cpp
[  0%] Built target tf_generate_messages_py
[  0%] Built target geometry_msgs_generate_messages_nodejs
[  0%] Built target shape_msgs_generate_messages_eus
[  0%] Built target moveit_msgs_generate_messages_py
[  0%] Built target dynamic_reconfigure_generate_messages_eus
[  0%] Built target geometry_msgs_generate_messages_lisp
[  0%] Built target roscpp_generate_messages_cpp
[  0%] Built target tf2_msgs_generate_messages_eus
[  0%] Built target sensor_msgs_generate_messages_py
[  0%] Built target object_recognition_msgs_generate_messages_nodejs
[  0%] Built target object_recognition_msgs_generate_messages_eus
[  0%] Built target sensor_msgs_generate_messages_nodejs
[  0%] Built target shape_msgs_generate_messages_nodejs
[  0%] Built target moveit_msgs_generate_messages_eus
[  0%] Built target dynamic_reconfigure_generate_messages_py
[  0%] Built target visualization_msgs_generate_messages_cpp
[  0%] Built target roscpp_generate_messages_py
[  0%] Built target actionlib_msgs_generate_messages_eus
[  0%] Built target rosgraph_msgs_generate_messages_lisp
[  0%] Built target trajectory_msgs_generate_messages_eus
[  0%] Built target geometry_msgs_generate_messages_eus
[  0%] Built target tf_generate_messages_eus
[  0%] Built target std_srvs_generate_messages_cpp
[  0%] Built target sensor_msgs_generate_messages_eus
[  0%] Built target shape_msgs_generate_messages_cpp
[  0%] Built target std_msgs_generate_messages_eus
[  0%] Built target moveit_msgs_generate_messages_lisp
[  0%] Built target actionlib_generate_messages_lisp
[  0%] Built target actionlib_msgs_generate_messages_py
[  0%] Built target actionlib_generate_messages_cpp
[  0%] Built target std_msgs_generate_messages_nodejs
[  0%] Built target moveit_ros_manipulation_gencfg
[  0%] Built target object_recognition_msgs_generate_messages_cpp
[  0%] Built target std_msgs_generate_messages_cpp
[  0%] Built target rosgraph_msgs_generate_messages_nodejs
[  0%] Built target trajectory_msgs_generate_messages_nodejs
[  0%] Built target nodelet_generate_messages_lisp
[  0%] Built target std_srvs_generate_messages_py
[  0%] Built target actionlib_generate_messages_nodejs
[  0%] Built target actionlib_msgs_generate_messages_cpp
[  0%] Built target std_msgs_generate_messages_lisp
[  0%] Built target octomap_msgs_generate_messages_cpp
[  0%] Built target octomap_msgs_generate_messages_lisp
[  0%] Built target octomap_msgs_generate_messages_nodejs
[  0%] Built target actionlib_generate_messages_eus
[  0%] Built target bond_generate_messages_nodejs
[  0%] Built target apriltag_ros_generate_messages_py
[  0%] Built target dynamic_reconfigure_generate_messages_cpp
[  0%] Built target dynamic_reconfigure_generate_messages_lisp
[  0%] Built target tf2_msgs_generate_messages_cpp
[ 10%] Built target bond_generate_messages_cpp
[ 10%] Built target assignment2_package_generate_messages_lisp
[ 10%] Built target dynamic_reconfigure_generate_messages_nodejs
[ 10%] Built target dynamic_reconfigure_gencfg
[ 10%] Built target tf2_msgs_generate_messages_py
[ 10%] Built target rosgraph_msgs_generate_messages_py
[ 10%] Built target visualization_msgs_generate_messages_lisp
[ 10%] Built target octomap_msgs_generate_messages_py
[ 10%] Built target visualization_msgs_generate_messages_nodejs
[ 10%] Built target visualization_msgs_generate_messages_py
[ 10%] Built target tf_generate_messages_cpp
[ 10%] Built target tf2_msgs_generate_messages_lisp
[ 10%] Built target tiago_iaslab_simulation_generate_messages_py
[ 10%] Built target apriltag_ros_generate_messages_lisp
[ 10%] Built target tf_generate_messages_nodejs
[ 10%] Built target shape_msgs_generate_messages_py
[ 10%] Built target std_srvs_generate_messages_eus
[ 10%] Built target std_srvs_generate_messages_nodejs
[ 10%] Built target tf_generate_messages_lisp
[ 10%] Built target nodelet_generate_messages_py
[ 10%] Built target std_srvs_generate_messages_lisp
[ 10%] Built target roscpp_generate_messages_lisp
[ 10%] Built target tiago_iaslab_simulation_generate_messages_lisp
[ 10%] Built target tiago_iaslab_simulation_generate_messages_eus
[ 10%] Built target roscpp_generate_messages_eus
[ 10%] Built target object_recognition_msgs_generate_messages_lisp
[ 10%] Built target apriltag_ros_generate_messages_eus
[ 10%] Built target octomap_msgs_generate_messages_eus
[ 10%] Built target apriltag_ros_generate_messages_cpp
[ 10%] Built target tf2_msgs_generate_messages_nodejs
[ 10%] Built target sensor_msgs_generate_messages_lisp
[ 10%] Built target visualization_msgs_generate_messages_eus
[ 10%] Built target apriltag_ros_generate_messages_nodejs
[ 10%] Built target object_recognition_msgs_generate_messages_py
[ 10%] Built target nodelet_generate_messages_eus
[ 10%] Built target nodelet_generate_messages_cpp
[ 10%] Built target nodelet_generate_messages_nodejs
[ 10%] Built target roscpp_generate_messages_nodejs
[ 10%] Built target bond_generate_messages_eus
[ 10%] Built target bond_generate_messages_lisp
[ 20%] Built target assignment2_package_generate_messages_nodejs
[ 20%] Built target bond_generate_messages_py
[ 35%] Built target assignment2_package_generate_messages_py
[ 45%] Built target assignment2_package_generate_messages_cpp
[ 60%] Built target assignment2_package_generate_messages_eus
[35m[1mScanning dependencies of target detection_collision_node[0m
[ 60%] Built target assignment2_package_generate_messages
[ 70%] Built target manipulation_node
[ 80%] Built target move_head_down_node
[ 85%] [32mBuilding CXX object CMakeFiles/detection_collision_node.dir/src/detection_collision_node.cpp.o[0m
[ 95%] Built target coordinator_node
[100%] [32m[1mLinking CXX executable /home/nikolavukas/project/devel/.private/assignment2_package/lib/assignment2_package/detection_collision_node[0m
[100%] Built target detection_collision_node
