[  0%] Built target trajectory_msgs_generate_messages_py
[  0%] Built target std_msgs_generate_messages_py
[  0%] Built target geometry_msgs_generate_messages_py
[  0%] Built target rosgraph_msgs_generate_messages_cpp
[  0%] Built target tiago_iaslab_simulation_generate_messages_nodejs
[  0%] Built target shape_msgs_generate_messages_lisp
[  0%] Built target trajectory_msgs_generate_messages_lisp
[  0%] Built target tiago_iaslab_simulation_generate_messages_cpp
[  0%] Built target sensor_msgs_generate_messages_cpp
[  0%] Built target moveit_msgs_generate_messages_nodejs
[  0%] Built target _assignment2_package_generate_messages_check_deps_PlaceObject
[  0%] Built target moveit_msgs_generate_messages_cpp
[  0%] Built target _assignment2_package_generate_messages_check_deps_PickObject
[  0%] Built target actionlib_msgs_generate_messages_nodejs
[  0%] Built target actionlib_msgs_generate_messages_lisp
[  0%] Built target actionlib_generate_messages_py
[  0%] Built target tf_generate_messages_py
[  0%] Built target rosgraph_msgs_generate_messages_eus
[  0%] Built target shape_msgs_generate_messages_eus
[  0%] Built target moveit_ros_planning_gencfg
[  0%] Built target geometry_msgs_generate_messages_lisp
[  0%] Built target trajectory_msgs_generate_messages_cpp
[  0%] Built target geometry_msgs_generate_messages_cpp
[  0%] Built target moveit_msgs_generate_messages_py
[  0%] Built target geometry_msgs_generate_messages_nodejs
[  0%] Built target sensor_msgs_generate_messages_py
[  0%] Built target dynamic_reconfigure_generate_messages_eus
[  0%] Built target tf2_msgs_generate_messages_eus
[  0%] Built target roscpp_generate_messages_cpp
[  0%] Built target moveit_msgs_generate_messages_eus
[  0%] Built target shape_msgs_generate_messages_nodejs
[  0%] Built target object_recognition_msgs_generate_messages_eus
[  0%] Built target sensor_msgs_generate_messages_nodejs
[  0%] Built target object_recognition_msgs_generate_messages_nodejs
[  0%] Built target dynamic_reconfigure_generate_messages_py
[  0%] Built target rosgraph_msgs_generate_messages_lisp
[  0%] Built target roscpp_generate_messages_py
[  0%] Built target tf_generate_messages_eus
[  0%] Built target actionlib_msgs_generate_messages_eus
[  0%] Built target trajectory_msgs_generate_messages_eus
[  0%] Built target geometry_msgs_generate_messages_eus
[  0%] Built target visualization_msgs_generate_messages_cpp
[  0%] Built target std_msgs_generate_messages_eus
[  0%] Built target std_srvs_generate_messages_cpp
[  0%] Built target moveit_ros_manipulation_gencfg
[  0%] Built target actionlib_generate_messages_lisp
[  0%] Built target sensor_msgs_generate_messages_eus
[  0%] Built target shape_msgs_generate_messages_cpp
[  0%] Built target actionlib_msgs_generate_messages_py
[  0%] Built target rosgraph_msgs_generate_messages_nodejs
[  0%] Built target moveit_msgs_generate_messages_lisp
[  0%] Built target std_msgs_generate_messages_nodejs
[  0%] Built target std_msgs_generate_messages_cpp
[  0%] Built target nodelet_generate_messages_lisp
[  0%] Built target actionlib_generate_messages_cpp
[  0%] Built target actionlib_msgs_generate_messages_cpp
[  0%] Built target object_recognition_msgs_generate_messages_cpp
[  0%] Built target std_msgs_generate_messages_lisp
[  0%] Built target actionlib_generate_messages_nodejs
[  0%] Built target trajectory_msgs_generate_messages_nodejs
[  0%] Built target octomap_msgs_generate_messages_cpp
[  0%] Built target std_srvs_generate_messages_py
[  0%] Built target octomap_msgs_generate_messages_nodejs
[  0%] Built target octomap_msgs_generate_messages_lisp
[  0%] Built target apriltag_ros_generate_messages_py
[  0%] Built target bond_generate_messages_nodejs
[  0%] Built target actionlib_generate_messages_eus
[  0%] Built target dynamic_reconfigure_generate_messages_cpp
[  0%] Built target dynamic_reconfigure_generate_messages_lisp
[  0%] Built target tf2_msgs_generate_messages_cpp
[  0%] Built target tf2_msgs_generate_messages_py
[ 11%] Built target assignment2_package_generate_messages_lisp
[ 11%] Built target dynamic_reconfigure_generate_messages_nodejs
[ 11%] Built target bond_generate_messages_cpp
[ 11%] Built target dynamic_reconfigure_gencfg
[ 11%] Built target visualization_msgs_generate_messages_lisp
[ 11%] Built target visualization_msgs_generate_messages_nodejs
[ 11%] Built target rosgraph_msgs_generate_messages_py
[ 11%] Built target visualization_msgs_generate_messages_py
[ 11%] Built target apriltag_ros_generate_messages_lisp
[ 11%] Built target tf_generate_messages_cpp
[ 11%] Built target octomap_msgs_generate_messages_py
[ 11%] Built target tf2_msgs_generate_messages_lisp
[ 11%] Built target shape_msgs_generate_messages_py
[ 11%] Built target roscpp_generate_messages_lisp
[ 11%] Built target tf_generate_messages_nodejs
[ 11%] Built target tiago_iaslab_simulation_generate_messages_py
[ 11%] Built target std_srvs_generate_messages_lisp
[ 11%] Built target std_srvs_generate_messages_eus
[ 11%] Built target object_recognition_msgs_generate_messages_lisp
[ 11%] Built target tiago_iaslab_simulation_generate_messages_eus
[ 11%] Built target tf_generate_messages_lisp
[ 11%] Built target std_srvs_generate_messages_nodejs
[ 11%] Built target tiago_iaslab_simulation_generate_messages_lisp
[ 11%] Built target nodelet_generate_messages_py
[ 11%] Built target apriltag_ros_generate_messages_cpp
[ 11%] Built target apriltag_ros_generate_messages_eus
[ 11%] Built target octomap_msgs_generate_messages_eus
[ 11%] Built target visualization_msgs_generate_messages_eus
[ 11%] Built target sensor_msgs_generate_messages_lisp
[ 11%] Built target tf2_msgs_generate_messages_nodejs
[ 11%] Built target apriltag_ros_generate_messages_nodejs
[ 11%] Built target nodelet_generate_messages_cpp
[ 11%] Built target roscpp_generate_messages_eus
[ 11%] Built target nodelet_generate_messages_eus
[ 11%] Built target object_recognition_msgs_generate_messages_py
[ 11%] Built target nodelet_generate_messages_nodejs
[ 11%] Built target bond_generate_messages_lisp
[ 11%] Built target bond_generate_messages_eus
[ 11%] Built target bond_generate_messages_py
[ 11%] Built target roscpp_generate_messages_nodejs
[ 22%] Built target assignment2_package_generate_messages_cpp
[ 33%] Built target assignment2_package_generate_messages_nodejs
[ 50%] Built target assignment2_package_generate_messages_py
[ 66%] Built target assignment2_package_generate_messages_eus
[35m[1mScanning dependencies of target detection_collision_node[0m
[35m[1mScanning dependencies of target manipulation_node[0m
[ 66%] Built target assignment2_package_generate_messages
[35m[1mScanning dependencies of target coordinator_node[0m
[ 72%] [32mBuilding CXX object CMakeFiles/coordinator_node.dir/src/coordinator_node.cpp.o[0m
[ 77%] [32mBuilding CXX object CMakeFiles/detection_collision_node.dir/src/detection_collision_node.cpp.o[0m
[ 83%] [32mBuilding CXX object CMakeFiles/manipulation_node.dir/src/manipulation_node.cpp.o[0m
[01m[K/home/nikolavukas/project/src/assignment2_package/src/manipulation_node.cpp:[m[K In function ‘[01m[Kbool pickObjectCallback(assignment2_package::PickObject::Request&, assignment2_package::PickObject::Response&)[m[K’:
[01m[K/home/nikolavukas/project/src/assignment2_package/src/manipulation_node.cpp:82:23:[m[K [01;31m[Kerror: [m[Kcannot bind non-const lvalue reference of type ‘[01m[Kros::NodeHandle&[m[K’ to an rvalue of type ‘[01m[Kros::NodeHandle[m[K’
   82 |   controlGripper(ros::[01;31m[KNodeHandle()[m[K, "close");
      |                       [01;31m[K^~~~~~~~~~~~[m[K
[01m[K/home/nikolavukas/project/src/assignment2_package/src/manipulation_node.cpp:21:38:[m[K [01;36m[Knote: [m[K  initializing argument 1 of ‘[01m[Kbool controlGripper(ros::NodeHandle&, const string&)[m[K’
   21 | bool controlGripper([01;36m[Kros::NodeHandle &nh[m[K, const std::string &command) // command should be "open" or "close"
      |                     [01;36m[K~~~~~~~~~~~~~~~~~^~[m[K
[01m[K/home/nikolavukas/project/src/assignment2_package/src/manipulation_node.cpp:[m[K In function ‘[01m[Kbool placeObjectCallback(assignment2_package::PlaceObject::Request&, assignment2_package::PlaceObject::Response&)[m[K’:
[01m[K/home/nikolavukas/project/src/assignment2_package/src/manipulation_node.cpp:151:23:[m[K [01;31m[Kerror: [m[Kcannot bind non-const lvalue reference of type ‘[01m[Kros::NodeHandle&[m[K’ to an rvalue of type ‘[01m[Kros::NodeHandle[m[K’
  151 |   controlGripper(ros::[01;31m[KNodeHandle()[m[K, "open");
      |                       [01;31m[K^~~~~~~~~~~~[m[K
[01m[K/home/nikolavukas/project/src/assignment2_package/src/manipulation_node.cpp:21:38:[m[K [01;36m[Knote: [m[K  initializing argument 1 of ‘[01m[Kbool controlGripper(ros::NodeHandle&, const string&)[m[K’
   21 | bool controlGripper([01;36m[Kros::NodeHandle &nh[m[K, const std::string &command) // command should be "open" or "close"
      |                     [01;36m[K~~~~~~~~~~~~~~~~~^~[m[K
[ 88%] [32m[1mLinking CXX executable /home/nikolavukas/project/devel/.private/assignment2_package/lib/assignment2_package/coordinator_node[0m
make[2]: *** [CMakeFiles/manipulation_node.dir/build.make:63: CMakeFiles/manipulation_node.dir/src/manipulation_node.cpp.o] Error 1
make[1]: *** [CMakeFiles/Makefile2:378: CMakeFiles/manipulation_node.dir/all] Error 2
make[1]: *** Waiting for unfinished jobs....
[ 88%] Built target coordinator_node
[ 94%] [32m[1mLinking CXX executable /home/nikolavukas/project/devel/.private/assignment2_package/lib/assignment2_package/detection_collision_node[0m
[ 94%] Built target detection_collision_node
make: *** [Makefile:141: all] Error 2
