[  0%] Built target _assignment2_package_generate_messages_check_deps_GetObjectPose
[  0%] Built target geometry_msgs_generate_messages_py
[  0%] Built target _assignment2_package_generate_messages_check_deps_PickObject
[  0%] Built target trajectory_msgs_generate_messages_py
[  0%] Built target std_msgs_generate_messages_py
[  0%] Built target rosgraph_msgs_generate_messages_cpp
[  0%] Built target tiago_iaslab_simulation_generate_messages_nodejs
[  0%] Built target shape_msgs_generate_messages_lisp
[  0%] Built target trajectory_msgs_generate_messages_lisp
[  0%] Built target tiago_iaslab_simulation_generate_messages_cpp
[  0%] Built target sensor_msgs_generate_messages_cpp
[  0%] Built target moveit_msgs_generate_messages_cpp
[  0%] Built target moveit_msgs_generate_messages_nodejs
[  0%] Built target actionlib_msgs_generate_messages_lisp
[  0%] Built target actionlib_msgs_generate_messages_nodejs
[  0%] Built target tf_generate_messages_py
[  0%] Built target trajectory_msgs_generate_messages_cpp
[  0%] Built target actionlib_generate_messages_py
[  0%] Built target rosgraph_msgs_generate_messages_eus
[  0%] Built target moveit_ros_planning_gencfg
[  0%] Built target shape_msgs_generate_messages_eus
[  0%] Built target moveit_msgs_generate_messages_py
[  0%] Built target geometry_msgs_generate_messages_lisp
[  0%] Built target geometry_msgs_generate_messages_nodejs
[  0%] Built target geometry_msgs_generate_messages_cpp
[  0%] Built target roscpp_generate_messages_cpp
[  0%] Built target dynamic_reconfigure_generate_messages_eus
[  0%] Built target object_recognition_msgs_generate_messages_eus
[  0%] Built target sensor_msgs_generate_messages_py
[  0%] Built target tf2_msgs_generate_messages_eus
[  0%] Built target moveit_msgs_generate_messages_eus
[  0%] Built target sensor_msgs_generate_messages_nodejs
[  0%] Built target shape_msgs_generate_messages_nodejs
[  0%] Built target roscpp_generate_messages_py
[  0%] Built target actionlib_msgs_generate_messages_eus
[  0%] Built target object_recognition_msgs_generate_messages_nodejs
[  0%] Built target dynamic_reconfigure_generate_messages_py
[  0%] Built target rosgraph_msgs_generate_messages_lisp
[  0%] Built target visualization_msgs_generate_messages_cpp
[  0%] Built target tf_generate_messages_eus
[  0%] Built target trajectory_msgs_generate_messages_eus
[  0%] Built target std_srvs_generate_messages_cpp
[  0%] Built target geometry_msgs_generate_messages_eus
[  0%] Built target std_msgs_generate_messages_eus
[  0%] Built target shape_msgs_generate_messages_cpp
[  0%] Built target sensor_msgs_generate_messages_eus
[  0%] Built target actionlib_generate_messages_lisp
[  0%] Built target moveit_ros_manipulation_gencfg
[  0%] Built target moveit_msgs_generate_messages_lisp
[  0%] Built target actionlib_msgs_generate_messages_py
[  0%] Built target actionlib_generate_messages_cpp
[  0%] Built target std_msgs_generate_messages_cpp
[  0%] Built target std_msgs_generate_messages_nodejs
[  0%] Built target trajectory_msgs_generate_messages_nodejs
[  0%] Built target nodelet_generate_messages_lisp
[  0%] Built target object_recognition_msgs_generate_messages_cpp
[  0%] Built target actionlib_msgs_generate_messages_cpp
[  0%] Built target std_srvs_generate_messages_py
[  0%] Built target actionlib_generate_messages_nodejs
[  0%] Built target octomap_msgs_generate_messages_cpp
[  0%] Built target std_msgs_generate_messages_lisp
[  0%] Built target octomap_msgs_generate_messages_lisp
[  0%] Built target actionlib_generate_messages_eus
[  0%] Built target octomap_msgs_generate_messages_nodejs
[  0%] Built target apriltag_ros_generate_messages_py
[  0%] Built target bond_generate_messages_nodejs
[  0%] Built target dynamic_reconfigure_generate_messages_lisp
[ 10%] Built target assignment2_package_generate_messages_lisp
[ 10%] Built target dynamic_reconfigure_generate_messages_cpp
[ 10%] Built target tf2_msgs_generate_messages_cpp
[ 10%] Built target dynamic_reconfigure_generate_messages_nodejs
[ 10%] Built target visualization_msgs_generate_messages_lisp
[ 10%] Built target tf2_msgs_generate_messages_py
[ 10%] Built target bond_generate_messages_cpp
[ 10%] Built target dynamic_reconfigure_gencfg
[ 10%] Built target rosgraph_msgs_generate_messages_py
[ 10%] Built target visualization_msgs_generate_messages_nodejs
[ 10%] Built target visualization_msgs_generate_messages_py
[ 10%] Built target tf_generate_messages_cpp
[ 10%] Built target apriltag_ros_generate_messages_lisp
[ 10%] Built target tf2_msgs_generate_messages_lisp
[ 10%] Built target octomap_msgs_generate_messages_py
[ 10%] Built target shape_msgs_generate_messages_py
[ 10%] Built target roscpp_generate_messages_lisp
[ 10%] Built target tf_generate_messages_nodejs
[ 10%] Built target tiago_iaslab_simulation_generate_messages_py
[ 10%] Built target std_srvs_generate_messages_eus
[ 10%] Built target std_srvs_generate_messages_lisp
[ 10%] Built target std_srvs_generate_messages_nodejs
[ 10%] Built target tf_generate_messages_lisp
[ 10%] Built target object_recognition_msgs_generate_messages_lisp
[ 10%] Built target tiago_iaslab_simulation_generate_messages_eus
[ 10%] Built target nodelet_generate_messages_py
[ 10%] Built target apriltag_ros_generate_messages_cpp
[ 10%] Built target tiago_iaslab_simulation_generate_messages_lisp
[ 10%] Built target apriltag_ros_generate_messages_eus
[ 10%] Built target octomap_msgs_generate_messages_eus
[ 10%] Built target roscpp_generate_messages_eus
[ 10%] Built target apriltag_ros_generate_messages_nodejs
[ 10%] Built target visualization_msgs_generate_messages_eus
[ 10%] Built target tf2_msgs_generate_messages_nodejs
[ 10%] Built target sensor_msgs_generate_messages_lisp
[ 10%] Built target nodelet_generate_messages_cpp
[ 10%] Built target nodelet_generate_messages_eus
[ 10%] Built target object_recognition_msgs_generate_messages_py
[ 10%] Built target nodelet_generate_messages_nodejs
[ 10%] Built target bond_generate_messages_eus
[ 10%] Built target rosgraph_msgs_generate_messages_nodejs
[ 10%] Built target bond_generate_messages_lisp
[ 20%] Built target assignment2_package_generate_messages_cpp
[ 20%] Built target roscpp_generate_messages_nodejs
[ 20%] Built target bond_generate_messages_py
[ 30%] Built target assignment2_package_generate_messages_nodejs
[ 45%] Built target assignment2_package_generate_messages_py
[ 60%] Built target assignment2_package_generate_messages_eus
[35m[1mScanning dependencies of target test_node[0m
[ 60%] Built target assignment2_package_generate_messages
[ 70%] Built target node_C
[ 80%] Built target node_B
[ 90%] Built target node_A
[ 95%] [32mBuilding CXX object CMakeFiles/test_node.dir/src/test_node.cpp.o[0m
In file included from [01m[K/home/nikolavukas/project/src/assignment2_package/src/test_node.cpp:1[m[K:
[01m[K/home/nikolavukas/project/src/assignment2_package/src/gripper_control.h:[m[K In member function ‘[01m[Kvoid gripper_control::GripperController::close(int)[m[K’:
[01m[K/home/nikolavukas/project/src/assignment2_package/src/gripper_control.h:49:24:[m[K [01;31m[Kerror: [m[K‘[01m[KgetWidthForTag[m[K’ was not declared in this scope
   49 |         double width = [01;31m[KgetWidthForTag[m[K(tag_id);
      |                        [01;31m[K^~~~~~~~~~~~~~[m[K
make[2]: *** [CMakeFiles/test_node.dir/build.make:63: CMakeFiles/test_node.dir/src/test_node.cpp.o] Error 1
make[1]: *** [CMakeFiles/Makefile2:928: CMakeFiles/test_node.dir/all] Error 2
make: *** [Makefile:141: all] Error 2
