Linked: (/home/nikolavukas/project/devel/.private/assignment2_package/include/assignment2_package/PickObjectResponse.h, /home/nikolavukas/project/devel/include/assignment2_package/PickObjectResponse.h)
Linked: (/home/nikolavukas/project/devel/.private/assignment2_package/include/assignment2_package/PickObjectRequest.h, /home/nikolavukas/project/devel/include/assignment2_package/PickObjectRequest.h)
Linked: (/home/nikolavukas/project/devel/.private/assignment2_package/include/assignment2_package/PlaceObjectResponse.h, /home/nikolavukas/project/devel/include/assignment2_package/PlaceObjectResponse.h)
Linked: (/home/nikolavukas/project/devel/.private/assignment2_package/include/assignment2_package/PlaceObjectRequest.h, /home/nikolavukas/project/devel/include/assignment2_package/PlaceObjectRequest.h)
Linked: (/home/nikolavukas/project/devel/.private/assignment2_package/include/assignment2_package/PickObject.h, /home/nikolavukas/project/devel/include/assignment2_package/PickObject.h)
Linked: (/home/nikolavukas/project/devel/.private/assignment2_package/include/assignment2_package/PlaceObject.h, /home/nikolavukas/project/devel/include/assignment2_package/PlaceObject.h)
Linked: (/home/nikolavukas/project/devel/.private/assignment2_package/lib/pkgconfig/assignment2_package.pc, /home/nikolavukas/project/devel/lib/pkgconfig/assignment2_package.pc)
Linked: (/home/nikolavukas/project/devel/.private/assignment2_package/lib/python3/dist-packages/assignment2_package/__init__.py, /home/nikolavukas/project/devel/lib/python3/dist-packages/assignment2_package/__init__.py)
Linked: (/home/nikolavukas/project/devel/.private/assignment2_package/lib/python3/dist-packages/assignment2_package/srv/_PlaceObject.py, /home/nikolavukas/project/devel/lib/python3/dist-packages/assignment2_package/srv/_PlaceObject.py)
Linked: (/home/nikolavukas/project/devel/.private/assignment2_package/lib/python3/dist-packages/assignment2_package/srv/_PickObject.py, /home/nikolavukas/project/devel/lib/python3/dist-packages/assignment2_package/srv/_PickObject.py)
Linked: (/home/nikolavukas/project/devel/.private/assignment2_package/lib/python3/dist-packages/assignment2_package/srv/__init__.py, /home/nikolavukas/project/devel/lib/python3/dist-packages/assignment2_package/srv/__init__.py)
Linked: (/home/nikolavukas/project/devel/.private/assignment2_package/lib/assignment2_package/detection_collision_node, /home/nikolavukas/project/devel/lib/assignment2_package/detection_collision_node)
Linked: (/home/nikolavukas/project/devel/.private/assignment2_package/lib/assignment2_package/manipulation_node, /home/nikolavukas/project/devel/lib/assignment2_package/manipulation_node)
Linked: (/home/nikolavukas/project/devel/.private/assignment2_package/lib/assignment2_package/coordinator_node, /home/nikolavukas/project/devel/lib/assignment2_package/coordinator_node)
Linked: (/home/nikolavukas/project/devel/.private/assignment2_package/share/roseus/ros/assignment2_package/manifest.l, /home/nikolavukas/project/devel/share/roseus/ros/assignment2_package/manifest.l)
Linked: (/home/nikolavukas/project/devel/.private/assignment2_package/share/roseus/ros/assignment2_package/srv/PlaceObject.l, /home/nikolavukas/project/devel/share/roseus/ros/assignment2_package/srv/PlaceObject.l)
Linked: (/home/nikolavukas/project/devel/.private/assignment2_package/share/roseus/ros/assignment2_package/srv/PickObject.l, /home/nikolavukas/project/devel/share/roseus/ros/assignment2_package/srv/PickObject.l)
Linked: (/home/nikolavukas/project/devel/.private/assignment2_package/share/assignment2_package/cmake/assignment2_packageConfig-version.cmake, /home/nikolavukas/project/devel/share/assignment2_package/cmake/assignment2_packageConfig-version.cmake)
Linked: (/home/nikolavukas/project/devel/.private/assignment2_package/share/assignment2_package/cmake/assignment2_package-msg-extras.cmake, /home/nikolavukas/project/devel/share/assignment2_package/cmake/assignment2_package-msg-extras.cmake)
Linked: (/home/nikolavukas/project/devel/.private/assignment2_package/share/assignment2_package/cmake/assignment2_package-msg-paths.cmake, /home/nikolavukas/project/devel/share/assignment2_package/cmake/assignment2_package-msg-paths.cmake)
Linked: (/home/nikolavukas/project/devel/.private/assignment2_package/share/assignment2_package/cmake/assignment2_packageConfig.cmake, /home/nikolavukas/project/devel/share/assignment2_package/cmake/assignment2_packageConfig.cmake)
Linked: (/home/nikolavukas/project/devel/.private/assignment2_package/share/gennodejs/ros/assignment2_package/_index.js, /home/nikolavukas/project/devel/share/gennodejs/ros/assignment2_package/_index.js)
Linked: (/home/nikolavukas/project/devel/.private/assignment2_package/share/gennodejs/ros/assignment2_package/srv/PlaceObject.js, /home/nikolavukas/project/devel/share/gennodejs/ros/assignment2_package/srv/PlaceObject.js)
Linked: (/home/nikolavukas/project/devel/.private/assignment2_package/share/gennodejs/ros/assignment2_package/srv/PickObject.js, /home/nikolavukas/project/devel/share/gennodejs/ros/assignment2_package/srv/PickObject.js)
Linked: (/home/nikolavukas/project/devel/.private/assignment2_package/share/gennodejs/ros/assignment2_package/srv/_index.js, /home/nikolavukas/project/devel/share/gennodejs/ros/assignment2_package/srv/_index.js)
Linked: (/home/nikolavukas/project/devel/.private/assignment2_package/share/common-lisp/ros/assignment2_package/srv/assignment2_package-srv.asd, /home/nikolavukas/project/devel/share/common-lisp/ros/assignment2_package/srv/assignment2_package-srv.asd)
Linked: (/home/nikolavukas/project/devel/.private/assignment2_package/share/common-lisp/ros/assignment2_package/srv/_package_PickObject.lisp, /home/nikolavukas/project/devel/share/common-lisp/ros/assignment2_package/srv/_package_PickObject.lisp)
Linked: (/home/nikolavukas/project/devel/.private/assignment2_package/share/common-lisp/ros/assignment2_package/srv/PickObject.lisp, /home/nikolavukas/project/devel/share/common-lisp/ros/assignment2_package/srv/PickObject.lisp)
Linked: (/home/nikolavukas/project/devel/.private/assignment2_package/share/common-lisp/ros/assignment2_package/srv/PlaceObject.lisp, /home/nikolavukas/project/devel/share/common-lisp/ros/assignment2_package/srv/PlaceObject.lisp)
Linked: (/home/nikolavukas/project/devel/.private/assignment2_package/share/common-lisp/ros/assignment2_package/srv/_package.lisp, /home/nikolavukas/project/devel/share/common-lisp/ros/assignment2_package/srv/_package.lisp)
Linked: (/home/nikolavukas/project/devel/.private/assignment2_package/share/common-lisp/ros/assignment2_package/srv/_package_PlaceObject.lisp, /home/nikolavukas/project/devel/share/common-lisp/ros/assignment2_package/srv/_package_PlaceObject.lisp)
