[  0%] Built target std_msgs_generate_messages_py
[  0%] Built target geometry_msgs_generate_messages_py
[  0%] Built target rosgraph_msgs_generate_messages_cpp
[  0%] Built target trajectory_msgs_generate_messages_py
[  0%] Built target tiago_iaslab_simulation_generate_messages_nodejs
[  0%] Built target trajectory_msgs_generate_messages_lisp
[  0%] Built target shape_msgs_generate_messages_lisp
[  0%] Built target tiago_iaslab_simulation_generate_messages_cpp
[  0%] Built target _assignment2_package_generate_messages_check_deps_PickObject
[  0%] Built target _assignment2_package_generate_messages_check_deps_PlaceObject
[  0%] Built target moveit_msgs_generate_messages_nodejs
[  0%] Built target moveit_msgs_generate_messages_cpp
[  0%] Built target sensor_msgs_generate_messages_cpp
[  0%] Built target actionlib_msgs_generate_messages_lisp
[  0%] Built target actionlib_msgs_generate_messages_nodejs
[  0%] Built target actionlib_generate_messages_py
[  0%] Built target tf_generate_messages_py
[  0%] Built target trajectory_msgs_generate_messages_cpp
[  0%] Built target rosgraph_msgs_generate_messages_eus
[  0%] Built target moveit_ros_planning_gencfg
[  0%] Built target geometry_msgs_generate_messages_lisp
[  0%] Built target shape_msgs_generate_messages_eus
[  0%] Built target moveit_msgs_generate_messages_py
[  0%] Built target geometry_msgs_generate_messages_cpp
[  0%] Built target sensor_msgs_generate_messages_py
[  0%] Built target geometry_msgs_generate_messages_nodejs
[  0%] Built target dynamic_reconfigure_generate_messages_eus
[  0%] Built target roscpp_generate_messages_cpp
[  0%] Built target moveit_msgs_generate_messages_eus
[  0%] Built target shape_msgs_generate_messages_nodejs
[  0%] Built target tf2_msgs_generate_messages_eus
[  0%] Built target roscpp_generate_messages_py
[  0%] Built target sensor_msgs_generate_messages_nodejs
[  0%] Built target object_recognition_msgs_generate_messages_eus
[  0%] Built target object_recognition_msgs_generate_messages_nodejs
[  0%] Built target dynamic_reconfigure_generate_messages_py
[  0%] Built target actionlib_msgs_generate_messages_eus
[  0%] Built target visualization_msgs_generate_messages_cpp
[  0%] Built target rosgraph_msgs_generate_messages_lisp
[  0%] Built target geometry_msgs_generate_messages_eus
[  0%] Built target tf_generate_messages_eus
[  0%] Built target trajectory_msgs_generate_messages_eus
[  0%] Built target std_srvs_generate_messages_cpp
[  0%] Built target sensor_msgs_generate_messages_eus
[  0%] Built target shape_msgs_generate_messages_cpp
[  0%] Built target actionlib_generate_messages_lisp
[  0%] Built target moveit_msgs_generate_messages_lisp
[  0%] Built target std_msgs_generate_messages_eus
[  0%] Built target moveit_ros_manipulation_gencfg
[  0%] Built target rosgraph_msgs_generate_messages_nodejs
[  0%] Built target nodelet_generate_messages_lisp
[  0%] Built target std_msgs_generate_messages_cpp
[  0%] Built target actionlib_msgs_generate_messages_py
[  0%] Built target actionlib_generate_messages_cpp
[  0%] Built target std_msgs_generate_messages_nodejs
[  0%] Built target object_recognition_msgs_generate_messages_cpp
[  0%] Built target actionlib_msgs_generate_messages_cpp
[  0%] Built target trajectory_msgs_generate_messages_nodejs
[  0%] Built target std_srvs_generate_messages_py
[  0%] Built target actionlib_generate_messages_nodejs
[  0%] Built target octomap_msgs_generate_messages_lisp
[  0%] Built target std_msgs_generate_messages_lisp
[  0%] Built target octomap_msgs_generate_messages_cpp
[  0%] Built target apriltag_ros_generate_messages_py
[  0%] Built target dynamic_reconfigure_generate_messages_cpp
[  0%] Built target bond_generate_messages_nodejs
[  0%] Built target actionlib_generate_messages_eus
[  0%] Built target dynamic_reconfigure_generate_messages_lisp
[  0%] Built target octomap_msgs_generate_messages_nodejs
[  0%] Built target tf2_msgs_generate_messages_cpp
[  0%] Built target dynamic_reconfigure_generate_messages_nodejs
[ 11%] Built target assignment2_package_generate_messages_lisp
[ 11%] Built target tf2_msgs_generate_messages_py
[ 11%] Built target bond_generate_messages_cpp
[ 11%] Built target dynamic_reconfigure_gencfg
[ 11%] Built target visualization_msgs_generate_messages_nodejs
[ 11%] Built target rosgraph_msgs_generate_messages_py
[ 11%] Built target visualization_msgs_generate_messages_py
[ 11%] Built target octomap_msgs_generate_messages_py
[ 11%] Built target tf2_msgs_generate_messages_lisp
[ 11%] Built target visualization_msgs_generate_messages_lisp
[ 11%] Built target apriltag_ros_generate_messages_lisp
[ 11%] Built target shape_msgs_generate_messages_py
[ 11%] Built target tf_generate_messages_nodejs
[ 11%] Built target tf_generate_messages_cpp
[ 11%] Built target std_srvs_generate_messages_nodejs
[ 11%] Built target std_srvs_generate_messages_eus
[ 11%] Built target nodelet_generate_messages_py
[ 11%] Built target tiago_iaslab_simulation_generate_messages_py
[ 11%] Built target roscpp_generate_messages_lisp
[ 11%] Built target tf_generate_messages_lisp
[ 11%] Built target std_srvs_generate_messages_lisp
[ 11%] Built target apriltag_ros_generate_messages_cpp
[ 11%] Built target object_recognition_msgs_generate_messages_lisp
[ 11%] Built target tiago_iaslab_simulation_generate_messages_eus
[ 11%] Built target tiago_iaslab_simulation_generate_messages_lisp
[ 11%] Built target apriltag_ros_generate_messages_eus
[ 11%] Built target visualization_msgs_generate_messages_eus
[ 11%] Built target roscpp_generate_messages_eus
[ 11%] Built target octomap_msgs_generate_messages_eus
[ 11%] Built target sensor_msgs_generate_messages_lisp
[ 11%] Built target tf2_msgs_generate_messages_nodejs
[ 11%] Built target nodelet_generate_messages_cpp
[ 11%] Built target apriltag_ros_generate_messages_nodejs
[ 11%] Built target nodelet_generate_messages_eus
[ 11%] Built target bond_generate_messages_lisp
[ 11%] Built target bond_generate_messages_eus
[ 11%] Built target nodelet_generate_messages_nodejs
[ 11%] Built target bond_generate_messages_py
[ 11%] Built target object_recognition_msgs_generate_messages_py
[ 11%] Built target roscpp_generate_messages_nodejs
[ 22%] Built target assignment2_package_generate_messages_cpp
[ 38%] Built target assignment2_package_generate_messages_py
[ 50%] Built target assignment2_package_generate_messages_nodejs
[ 66%] Built target assignment2_package_generate_messages_eus
[35m[1mScanning dependencies of target manipulation_node[0m
[ 77%] Built target coordinator_node
[ 77%] Built target assignment2_package_generate_messages
[ 88%] Built target detection_collision_node
[ 94%] [32mBuilding CXX object CMakeFiles/manipulation_node.dir/src/manipulation_node.cpp.o[0m
[100%] [32m[1mLinking CXX executable /home/nikolavukas/project/devel/.private/assignment2_package/lib/assignment2_package/manipulation_node[0m
[100%] Built target manipulation_node
