Linked: (/home/nikolavukas/project/devel/.private/assignment2_package/include/assignment2_package/GetObjectPoseRequest.h, /home/nikolavukas/project/devel/include/assignment2_package/GetObjectPoseRequest.h)
Linked: (/home/nikolavukas/project/devel/.private/assignment2_package/include/assignment2_package/PickObjectResponse.h, /home/nikolavukas/project/devel/include/assignment2_package/PickObjectResponse.h)
Linked: (/home/nikolavukas/project/devel/.private/assignment2_package/include/assignment2_package/PickObjectRequest.h, /home/nikolavukas/project/devel/include/assignment2_package/PickObjectRequest.h)
Linked: (/home/nikolavukas/project/devel/.private/assignment2_package/include/assignment2_package/GetObjectPoseResponse.h, /home/nikolavukas/project/devel/include/assignment2_package/GetObjectPoseResponse.h)
Linked: (/home/nikolavukas/project/devel/.private/assignment2_package/include/assignment2_package/GetObjectPose.h, /home/nikolavukas/project/devel/include/assignment2_package/GetObjectPose.h)
Linked: (/home/nikolavukas/project/devel/.private/assignment2_package/include/assignment2_package/PlaceObjectResponse.h, /home/nikolavukas/project/devel/include/assignment2_package/PlaceObjectResponse.h)
Linked: (/home/nikolavukas/project/devel/.private/assignment2_package/include/assignment2_package/ObjectPoseArray.h, /home/nikolavukas/project/devel/include/assignment2_package/ObjectPoseArray.h)
Linked: (/home/nikolavukas/project/devel/.private/assignment2_package/include/assignment2_package/PlaceObjectRequest.h, /home/nikolavukas/project/devel/include/assignment2_package/PlaceObjectRequest.h)
Linked: (/home/nikolavukas/project/devel/.private/assignment2_package/include/assignment2_package/PickObject.h, /home/nikolavukas/project/devel/include/assignment2_package/PickObject.h)
Linked: (/home/nikolavukas/project/devel/.private/assignment2_package/include/assignment2_package/PlaceObject.h, /home/nikolavukas/project/devel/include/assignment2_package/PlaceObject.h)
Linked: (/home/nikolavukas/project/devel/.private/assignment2_package/include/assignment2_package/ObjectPose.h, /home/nikolavukas/project/devel/include/assignment2_package/ObjectPose.h)
Linked: (/home/nikolavukas/project/devel/.private/assignment2_package/lib/pkgconfig/assignment2_package.pc, /home/nikolavukas/project/devel/lib/pkgconfig/assignment2_package.pc)
Linked: (/home/nikolavukas/project/devel/.private/assignment2_package/lib/python3/dist-packages/assignment2_package/__init__.py, /home/nikolavukas/project/devel/lib/python3/dist-packages/assignment2_package/__init__.py)
Linked: (/home/nikolavukas/project/devel/.private/assignment2_package/lib/python3/dist-packages/assignment2_package/msg/_ObjectPose.py, /home/nikolavukas/project/devel/lib/python3/dist-packages/assignment2_package/msg/_ObjectPose.py)
Linked: (/home/nikolavukas/project/devel/.private/assignment2_package/lib/python3/dist-packages/assignment2_package/msg/_ObjectPoseArray.py, /home/nikolavukas/project/devel/lib/python3/dist-packages/assignment2_package/msg/_ObjectPoseArray.py)
Linked: (/home/nikolavukas/project/devel/.private/assignment2_package/lib/python3/dist-packages/assignment2_package/msg/__init__.py, /home/nikolavukas/project/devel/lib/python3/dist-packages/assignment2_package/msg/__init__.py)
Linked: (/home/nikolavukas/project/devel/.private/assignment2_package/lib/python3/dist-packages/assignment2_package/srv/_PlaceObject.py, /home/nikolavukas/project/devel/lib/python3/dist-packages/assignment2_package/srv/_PlaceObject.py)
Linked: (/home/nikolavukas/project/devel/.private/assignment2_package/lib/python3/dist-packages/assignment2_package/srv/_GetObjectPose.py, /home/nikolavukas/project/devel/lib/python3/dist-packages/assignment2_package/srv/_GetObjectPose.py)
Linked: (/home/nikolavukas/project/devel/.private/assignment2_package/lib/python3/dist-packages/assignment2_package/srv/_PickObject.py, /home/nikolavukas/project/devel/lib/python3/dist-packages/assignment2_package/srv/_PickObject.py)
Linked: (/home/nikolavukas/project/devel/.private/assignment2_package/lib/python3/dist-packages/assignment2_package/srv/__init__.py, /home/nikolavukas/project/devel/lib/python3/dist-packages/assignment2_package/srv/__init__.py)
Linked: (/home/nikolavukas/project/devel/.private/assignment2_package/lib/assignment2_package/node_C, /home/nikolavukas/project/devel/lib/assignment2_package/node_C)
Linked: (/home/nikolavukas/project/devel/.private/assignment2_package/lib/assignment2_package/test_node, /home/nikolavukas/project/devel/lib/assignment2_package/test_node)
Linked: (/home/nikolavukas/project/devel/.private/assignment2_package/lib/assignment2_package/tables_node, /home/nikolavukas/project/devel/lib/assignment2_package/tables_node)
Linked: (/home/nikolavukas/project/devel/.private/assignment2_package/lib/assignment2_package/node_A, /home/nikolavukas/project/devel/lib/assignment2_package/node_A)
Linked: (/home/nikolavukas/project/devel/.private/assignment2_package/lib/assignment2_package/node_B, /home/nikolavukas/project/devel/lib/assignment2_package/node_B)
Linked: (/home/nikolavukas/project/devel/.private/assignment2_package/share/roseus/ros/assignment2_package/manifest.l, /home/nikolavukas/project/devel/share/roseus/ros/assignment2_package/manifest.l)
Linked: (/home/nikolavukas/project/devel/.private/assignment2_package/share/roseus/ros/assignment2_package/msg/ObjectPoseArray.l, /home/nikolavukas/project/devel/share/roseus/ros/assignment2_package/msg/ObjectPoseArray.l)
Linked: (/home/nikolavukas/project/devel/.private/assignment2_package/share/roseus/ros/assignment2_package/msg/ObjectPose.l, /home/nikolavukas/project/devel/share/roseus/ros/assignment2_package/msg/ObjectPose.l)
Linked: (/home/nikolavukas/project/devel/.private/assignment2_package/share/roseus/ros/assignment2_package/srv/PlaceObject.l, /home/nikolavukas/project/devel/share/roseus/ros/assignment2_package/srv/PlaceObject.l)
Linked: (/home/nikolavukas/project/devel/.private/assignment2_package/share/roseus/ros/assignment2_package/srv/GetObjectPose.l, /home/nikolavukas/project/devel/share/roseus/ros/assignment2_package/srv/GetObjectPose.l)
Linked: (/home/nikolavukas/project/devel/.private/assignment2_package/share/roseus/ros/assignment2_package/srv/PickObject.l, /home/nikolavukas/project/devel/share/roseus/ros/assignment2_package/srv/PickObject.l)
Linked: (/home/nikolavukas/project/devel/.private/assignment2_package/share/assignment2_package/cmake/assignment2_packageConfig-version.cmake, /home/nikolavukas/project/devel/share/assignment2_package/cmake/assignment2_packageConfig-version.cmake)
Linked: (/home/nikolavukas/project/devel/.private/assignment2_package/share/assignment2_package/cmake/assignment2_package-msg-extras.cmake, /home/nikolavukas/project/devel/share/assignment2_package/cmake/assignment2_package-msg-extras.cmake)
Linked: (/home/nikolavukas/project/devel/.private/assignment2_package/share/assignment2_package/cmake/assignment2_package-msg-paths.cmake, /home/nikolavukas/project/devel/share/assignment2_package/cmake/assignment2_package-msg-paths.cmake)
Linked: (/home/nikolavukas/project/devel/.private/assignment2_package/share/assignment2_package/cmake/assignment2_packageConfig.cmake, /home/nikolavukas/project/devel/share/assignment2_package/cmake/assignment2_packageConfig.cmake)
Linked: (/home/nikolavukas/project/devel/.private/assignment2_package/share/gennodejs/ros/assignment2_package/_index.js, /home/nikolavukas/project/devel/share/gennodejs/ros/assignment2_package/_index.js)
Linked: (/home/nikolavukas/project/devel/.private/assignment2_package/share/gennodejs/ros/assignment2_package/msg/ObjectPoseArray.js, /home/nikolavukas/project/devel/share/gennodejs/ros/assignment2_package/msg/ObjectPoseArray.js)
Linked: (/home/nikolavukas/project/devel/.private/assignment2_package/share/gennodejs/ros/assignment2_package/msg/ObjectPose.js, /home/nikolavukas/project/devel/share/gennodejs/ros/assignment2_package/msg/ObjectPose.js)
Linked: (/home/nikolavukas/project/devel/.private/assignment2_package/share/gennodejs/ros/assignment2_package/msg/_index.js, /home/nikolavukas/project/devel/share/gennodejs/ros/assignment2_package/msg/_index.js)
Linked: (/home/nikolavukas/project/devel/.private/assignment2_package/share/gennodejs/ros/assignment2_package/srv/PlaceObject.js, /home/nikolavukas/project/devel/share/gennodejs/ros/assignment2_package/srv/PlaceObject.js)
Linked: (/home/nikolavukas/project/devel/.private/assignment2_package/share/gennodejs/ros/assignment2_package/srv/PickObject.js, /home/nikolavukas/project/devel/share/gennodejs/ros/assignment2_package/srv/PickObject.js)
Linked: (/home/nikolavukas/project/devel/.private/assignment2_package/share/gennodejs/ros/assignment2_package/srv/GetObjectPose.js, /home/nikolavukas/project/devel/share/gennodejs/ros/assignment2_package/srv/GetObjectPose.js)
Linked: (/home/nikolavukas/project/devel/.private/assignment2_package/share/gennodejs/ros/assignment2_package/srv/_index.js, /home/nikolavukas/project/devel/share/gennodejs/ros/assignment2_package/srv/_index.js)
Linked: (/home/nikolavukas/project/devel/.private/assignment2_package/share/common-lisp/ros/assignment2_package/msg/_package_ObjectPose.lisp, /home/nikolavukas/project/devel/share/common-lisp/ros/assignment2_package/msg/_package_ObjectPose.lisp)
Linked: (/home/nikolavukas/project/devel/.private/assignment2_package/share/common-lisp/ros/assignment2_package/msg/assignment2_package-msg.asd, /home/nikolavukas/project/devel/share/common-lisp/ros/assignment2_package/msg/assignment2_package-msg.asd)
Linked: (/home/nikolavukas/project/devel/.private/assignment2_package/share/common-lisp/ros/assignment2_package/msg/ObjectPose.lisp, /home/nikolavukas/project/devel/share/common-lisp/ros/assignment2_package/msg/ObjectPose.lisp)
Linked: (/home/nikolavukas/project/devel/.private/assignment2_package/share/common-lisp/ros/assignment2_package/msg/ObjectPoseArray.lisp, /home/nikolavukas/project/devel/share/common-lisp/ros/assignment2_package/msg/ObjectPoseArray.lisp)
Linked: (/home/nikolavukas/project/devel/.private/assignment2_package/share/common-lisp/ros/assignment2_package/msg/_package_ObjectPoseArray.lisp, /home/nikolavukas/project/devel/share/common-lisp/ros/assignment2_package/msg/_package_ObjectPoseArray.lisp)
Linked: (/home/nikolavukas/project/devel/.private/assignment2_package/share/common-lisp/ros/assignment2_package/msg/_package.lisp, /home/nikolavukas/project/devel/share/common-lisp/ros/assignment2_package/msg/_package.lisp)
Linked: (/home/nikolavukas/project/devel/.private/assignment2_package/share/common-lisp/ros/assignment2_package/srv/assignment2_package-srv.asd, /home/nikolavukas/project/devel/share/common-lisp/ros/assignment2_package/srv/assignment2_package-srv.asd)
Linked: (/home/nikolavukas/project/devel/.private/assignment2_package/share/common-lisp/ros/assignment2_package/srv/_package_GetObjectPose.lisp, /home/nikolavukas/project/devel/share/common-lisp/ros/assignment2_package/srv/_package_GetObjectPose.lisp)
Linked: (/home/nikolavukas/project/devel/.private/assignment2_package/share/common-lisp/ros/assignment2_package/srv/_package_PickObject.lisp, /home/nikolavukas/project/devel/share/common-lisp/ros/assignment2_package/srv/_package_PickObject.lisp)
Linked: (/home/nikolavukas/project/devel/.private/assignment2_package/share/common-lisp/ros/assignment2_package/srv/GetObjectPose.lisp, /home/nikolavukas/project/devel/share/common-lisp/ros/assignment2_package/srv/GetObjectPose.lisp)
Linked: (/home/nikolavukas/project/devel/.private/assignment2_package/share/common-lisp/ros/assignment2_package/srv/PickObject.lisp, /home/nikolavukas/project/devel/share/common-lisp/ros/assignment2_package/srv/PickObject.lisp)
Linked: (/home/nikolavukas/project/devel/.private/assignment2_package/share/common-lisp/ros/assignment2_package/srv/PlaceObject.lisp, /home/nikolavukas/project/devel/share/common-lisp/ros/assignment2_package/srv/PlaceObject.lisp)
Linked: (/home/nikolavukas/project/devel/.private/assignment2_package/share/common-lisp/ros/assignment2_package/srv/_package.lisp, /home/nikolavukas/project/devel/share/common-lisp/ros/assignment2_package/srv/_package.lisp)
Linked: (/home/nikolavukas/project/devel/.private/assignment2_package/share/common-lisp/ros/assignment2_package/srv/_package_PlaceObject.lisp, /home/nikolavukas/project/devel/share/common-lisp/ros/assignment2_package/srv/_package_PlaceObject.lisp)
