Symlinking /home/nikolavukas/project/devel/include/assignment2_package/PickObjectResponse.h
Symlinking /home/nikolavukas/project/devel/include/assignment2_package/PickObjectRequest.h
Symlinking /home/nikolavukas/project/devel/include/assignment2_package/PlaceObjectResponse.h
Symlinking /home/nikolavukas/project/devel/include/assignment2_package/PlaceObjectRequest.h
Symlinking /home/nikolavukas/project/devel/include/assignment2_package/PickObject.h
Symlinking /home/nikolavukas/project/devel/include/assignment2_package/PlaceObject.h
Symlinking /home/nikolavukas/project/devel/lib/pkgconfig/assignment2_package.pc
Symlinking /home/nikolavukas/project/devel/lib/python3/dist-packages/assignment2_package/__init__.py
Symlinking /home/nikolavukas/project/devel/lib/python3/dist-packages/assignment2_package/srv/_PlaceObject.py
Symlinking /home/nikolavukas/project/devel/lib/python3/dist-packages/assignment2_package/srv/_PickObject.py
Symlinking /home/nikolavukas/project/devel/lib/python3/dist-packages/assignment2_package/srv/__init__.py
Symlinking /home/nikolavukas/project/devel/lib/assignment2_package/detection_collision_node
Symlinking /home/nikolavukas/project/devel/lib/assignment2_package/manipulation_node
Symlinking /home/nikolavukas/project/devel/lib/assignment2_package/coordinator_node
Symlinking /home/nikolavukas/project/devel/share/roseus/ros/assignment2_package/manifest.l
Symlinking /home/nikolavukas/project/devel/share/roseus/ros/assignment2_package/srv/PlaceObject.l
Symlinking /home/nikolavukas/project/devel/share/roseus/ros/assignment2_package/srv/PickObject.l
Symlinking /home/nikolavukas/project/devel/share/assignment2_package/cmake/assignment2_packageConfig-version.cmake
Symlinking /home/nikolavukas/project/devel/share/assignment2_package/cmake/assignment2_package-msg-extras.cmake
Symlinking /home/nikolavukas/project/devel/share/assignment2_package/cmake/assignment2_package-msg-paths.cmake
Symlinking /home/nikolavukas/project/devel/share/assignment2_package/cmake/assignment2_packageConfig.cmake
Symlinking /home/nikolavukas/project/devel/share/gennodejs/ros/assignment2_package/_index.js
Symlinking /home/nikolavukas/project/devel/share/gennodejs/ros/assignment2_package/srv/PlaceObject.js
Symlinking /home/nikolavukas/project/devel/share/gennodejs/ros/assignment2_package/srv/PickObject.js
Symlinking /home/nikolavukas/project/devel/share/gennodejs/ros/assignment2_package/srv/_index.js
Symlinking /home/nikolavukas/project/devel/share/common-lisp/ros/assignment2_package/srv/assignment2_package-srv.asd
Symlinking /home/nikolavukas/project/devel/share/common-lisp/ros/assignment2_package/srv/_package_PickObject.lisp
Symlinking /home/nikolavukas/project/devel/share/common-lisp/ros/assignment2_package/srv/PickObject.lisp
Symlinking /home/nikolavukas/project/devel/share/common-lisp/ros/assignment2_package/srv/PlaceObject.lisp
Symlinking /home/nikolavukas/project/devel/share/common-lisp/ros/assignment2_package/srv/_package.lisp
Symlinking /home/nikolavukas/project/devel/share/common-lisp/ros/assignment2_package/srv/_package_PlaceObject.lisp
