In file included from [01m[K/home/nikolavukas/project/src/assignment2_package/src/test_node.cpp:1[m[K:
[01m[K/home/nikolavukas/project/src/assignment2_package/src/gripper_control.h:[m[K In member function ‘[01m[Kvoid gripper_control::GripperController::close(int)[m[K’:
[01m[K/home/nikolavukas/project/src/assignment2_package/src/gripper_control.h:49:24:[m[K [01;31m[Kerror: [m[K‘[01m[KgetWidthForTag[m[K’ was not declared in this scope
   49 |         double width = [01;31m[KgetWidthForTag[m[K(tag_id);
      |                        [01;31m[K^~~~~~~~~~~~~~[m[K
[01m[K/home/nikolavukas/project/src/assignment2_package/src/node_A.cpp:[m[K In function ‘[01m[Kint main(int, char**)[m[K’:
[01m[K/home/nikolavukas/project/src/assignment2_package/src/node_A.cpp:277:105:[m[K [01;35m[Kwarning: [m[K‘[01m[Kdouble moveit::planning_interface::MoveGroupInterface::computeCartesianPath(const std::vector<geometry_msgs::Pose_<std::allocator<void> > >&, double, double, moveit_msgs::RobotTrajectory&, bool, moveit_msgs::MoveItErrorCodes*)[m[K’ is deprecated: Drop jump_threshold [[01;35m[K-Wdeprecated-declarations[m[K]
  277 |         double frac = arm_move_group.computeCartesianPath(waypoints, eef_step, jump_threshold, cart_traj[01;35m[K)[m[K;
      |                                                                                                         [01;35m[K^[m[K
In file included from [01m[K/home/nikolavukas/project/src/assignment2_package/src/node_A.cpp:5[m[K:
[01m[K/opt/ros/noetic/include/moveit/move_group_interface/move_group_interface.h:783:3:[m[K [01;36m[Knote: [m[Kdeclared here
  783 |   [01;36m[KcomputeCartesianPath[m[K(const std::vector<geometry_msgs::Pose>& waypoints, double eef_step, double /*jump_threshold*/,
      |   [01;36m[K^~~~~~~~~~~~~~~~~~~~[m[K
[01m[K/home/nikolavukas/project/src/assignment2_package/src/node_A.cpp:[m[K In function ‘[01m[Kint main(int, char**)[m[K’:
[01m[K/home/nikolavukas/project/src/assignment2_package/src/node_A.cpp:277:105:[m[K [01;35m[Kwarning: [m[K‘[01m[Kdouble moveit::planning_interface::MoveGroupInterface::computeCartesianPath(const std::vector<geometry_msgs::Pose_<std::allocator<void> > >&, double, double, moveit_msgs::RobotTrajectory&, bool, moveit_msgs::MoveItErrorCodes*)[m[K’ is deprecated: Drop jump_threshold [[01;35m[K-Wdeprecated-declarations[m[K]
  277 |         double frac = arm_move_group.computeCartesianPath(waypoints, eef_step, jump_threshold, cart_traj[01;35m[K)[m[K;
      |                                                                                                         [01;35m[K^[m[K
In file included from [01m[K/home/nikolavukas/project/src/assignment2_package/src/node_A.cpp:5[m[K:
[01m[K/opt/ros/noetic/include/moveit/move_group_interface/move_group_interface.h:783:3:[m[K [01;36m[Knote: [m[Kdeclared here
  783 |   [01;36m[KcomputeCartesianPath[m[K(const std::vector<geometry_msgs::Pose>& waypoints, double eef_step, double /*jump_threshold*/,
      |   [01;36m[K^~~~~~~~~~~~~~~~~~~~[m[K
[01m[K/home/nikolavukas/project/src/assignment2_package/src/node_A.cpp:[m[K In function ‘[01m[Kint main(int, char**)[m[K’:
[01m[K/home/nikolavukas/project/src/assignment2_package/src/node_A.cpp:277:105:[m[K [01;35m[Kwarning: [m[K‘[01m[Kdouble moveit::planning_interface::MoveGroupInterface::computeCartesianPath(const std::vector<geometry_msgs::Pose_<std::allocator<void> > >&, double, double, moveit_msgs::RobotTrajectory&, bool, moveit_msgs::MoveItErrorCodes*)[m[K’ is deprecated: Drop jump_threshold [[01;35m[K-Wdeprecated-declarations[m[K]
  277 |         double frac = arm_move_group.computeCartesianPath(waypoints, eef_step, jump_threshold, cart_traj[01;35m[K)[m[K;
      |                                                                                                         [01;35m[K^[m[K
In file included from [01m[K/home/nikolavukas/project/src/assignment2_package/src/node_A.cpp:5[m[K:
[01m[K/opt/ros/noetic/include/moveit/move_group_interface/move_group_interface.h:783:3:[m[K [01;36m[Knote: [m[Kdeclared here
  783 |   [01;36m[KcomputeCartesianPath[m[K(const std::vector<geometry_msgs::Pose>& waypoints, double eef_step, double /*jump_threshold*/,
      |   [01;36m[K^~~~~~~~~~~~~~~~~~~~[m[K
make[2]: *** [CMakeFiles/test_node.dir/build.make:63: CMakeFiles/test_node.dir/src/test_node.cpp.o] Error 1
make[1]: *** [CMakeFiles/Makefile2:928: CMakeFiles/test_node.dir/all] Error 2
make[1]: *** Waiting for unfinished jobs....
make: *** [Makefile:141: all] Error 2
