[  0%] Built target _assignment2_package_generate_messages_check_deps_GetObjectPose
[  0%] Built target _assignment2_package_generate_messages_check_deps_PickObject
[  0%] Built target geometry_msgs_generate_messages_py
[  0%] Built target trajectory_msgs_generate_messages_py
[  0%] Built target std_msgs_generate_messages_py
[  0%] Built target rosgraph_msgs_generate_messages_cpp
[  0%] Built target tiago_iaslab_simulation_generate_messages_nodejs
[  0%] Built target trajectory_msgs_generate_messages_lisp
[  0%] Built target shape_msgs_generate_messages_lisp
[  0%] Built target sensor_msgs_generate_messages_cpp
[  0%] Built target tiago_iaslab_simulation_generate_messages_cpp
[  0%] Built target moveit_msgs_generate_messages_nodejs
[  0%] Built target moveit_msgs_generate_messages_cpp
[  0%] Built target actionlib_msgs_generate_messages_lisp
[  0%] Built target actionlib_msgs_generate_messages_nodejs
[  0%] Built target tf_generate_messages_py
[  0%] Built target actionlib_generate_messages_py
[  0%] Built target trajectory_msgs_generate_messages_cpp
[  0%] Built target rosgraph_msgs_generate_messages_eus
[  0%] Built target moveit_ros_planning_gencfg
[  0%] Built target geometry_msgs_generate_messages_lisp
[  0%] Built target shape_msgs_generate_messages_eus
[  0%] Built target geometry_msgs_generate_messages_cpp
[  0%] Built target moveit_msgs_generate_messages_py
[  0%] Built target geometry_msgs_generate_messages_nodejs
[  0%] Built target dynamic_reconfigure_generate_messages_eus
[  0%] Built target sensor_msgs_generate_messages_py
[  0%] Built target roscpp_generate_messages_cpp
[  0%] Built target tf2_msgs_generate_messages_eus
[  0%] Built target object_recognition_msgs_generate_messages_eus
[  0%] Built target moveit_msgs_generate_messages_eus
[  0%] Built target shape_msgs_generate_messages_nodejs
[  0%] Built target sensor_msgs_generate_messages_nodejs
[  0%] Built target roscpp_generate_messages_py
[  0%] Built target object_recognition_msgs_generate_messages_nodejs
[  0%] Built target actionlib_msgs_generate_messages_eus
[  0%] Built target dynamic_reconfigure_generate_messages_py
[  0%] Built target rosgraph_msgs_generate_messages_lisp
[  0%] Built target visualization_msgs_generate_messages_cpp
[  0%] Built target tf_generate_messages_eus
[  0%] Built target std_srvs_generate_messages_cpp
[  0%] Built target trajectory_msgs_generate_messages_eus
[  0%] Built target geometry_msgs_generate_messages_eus
[  0%] Built target std_msgs_generate_messages_eus
[  0%] Built target sensor_msgs_generate_messages_eus
[  0%] Built target shape_msgs_generate_messages_cpp
[  0%] Built target moveit_ros_manipulation_gencfg
[  0%] Built target actionlib_generate_messages_lisp
[  0%] Built target actionlib_msgs_generate_messages_py
[  0%] Built target moveit_msgs_generate_messages_lisp
[  0%] Built target actionlib_generate_messages_cpp
[  0%] Built target nodelet_generate_messages_lisp
[  0%] Built target std_msgs_generate_messages_cpp
[  0%] Built target std_msgs_generate_messages_nodejs
[  0%] Built target actionlib_msgs_generate_messages_cpp
[  0%] Built target object_recognition_msgs_generate_messages_cpp
[  0%] Built target std_srvs_generate_messages_py
[  0%] Built target trajectory_msgs_generate_messages_nodejs
[  0%] Built target std_msgs_generate_messages_lisp
[  0%] Built target actionlib_generate_messages_nodejs
[  0%] Built target octomap_msgs_generate_messages_cpp
[  0%] Built target octomap_msgs_generate_messages_lisp
[  0%] Built target actionlib_generate_messages_eus
[  0%] Built target octomap_msgs_generate_messages_nodejs
[  0%] Built target apriltag_ros_generate_messages_py
[  0%] Built target bond_generate_messages_nodejs
[  0%] Built target dynamic_reconfigure_generate_messages_cpp
[  0%] Built target dynamic_reconfigure_generate_messages_lisp
[  0%] Built target tf2_msgs_generate_messages_cpp
[ 10%] Built target assignment2_package_generate_messages_lisp
[ 10%] Built target dynamic_reconfigure_generate_messages_nodejs
[ 10%] Built target tf2_msgs_generate_messages_py
[ 10%] Built target dynamic_reconfigure_gencfg
[ 10%] Built target bond_generate_messages_cpp
[ 10%] Built target visualization_msgs_generate_messages_lisp
[ 10%] Built target rosgraph_msgs_generate_messages_py
[ 10%] Built target octomap_msgs_generate_messages_py
[ 10%] Built target visualization_msgs_generate_messages_py
[ 10%] Built target visualization_msgs_generate_messages_nodejs
[ 10%] Built target tf_generate_messages_cpp
[ 10%] Built target tf2_msgs_generate_messages_lisp
[ 10%] Built target apriltag_ros_generate_messages_lisp
[ 10%] Built target shape_msgs_generate_messages_py
[ 10%] Built target roscpp_generate_messages_lisp
[ 10%] Built target tf_generate_messages_nodejs
[ 10%] Built target tiago_iaslab_simulation_generate_messages_py
[ 10%] Built target std_srvs_generate_messages_eus
[ 10%] Built target std_srvs_generate_messages_lisp
[ 10%] Built target std_srvs_generate_messages_nodejs
[ 10%] Built target tf_generate_messages_lisp
[ 10%] Built target nodelet_generate_messages_py
[ 10%] Built target tiago_iaslab_simulation_generate_messages_eus
[ 10%] Built target object_recognition_msgs_generate_messages_lisp
[ 10%] Built target apriltag_ros_generate_messages_cpp
[ 10%] Built target roscpp_generate_messages_eus
[ 10%] Built target apriltag_ros_generate_messages_eus
[ 10%] Built target tiago_iaslab_simulation_generate_messages_lisp
[ 10%] Built target octomap_msgs_generate_messages_eus
[ 10%] Built target visualization_msgs_generate_messages_eus
[ 10%] Built target sensor_msgs_generate_messages_lisp
[ 10%] Built target apriltag_ros_generate_messages_nodejs
[ 10%] Built target nodelet_generate_messages_cpp
[ 10%] Built target nodelet_generate_messages_eus
[ 10%] Built target object_recognition_msgs_generate_messages_py
[ 10%] Built target tf2_msgs_generate_messages_nodejs
[ 10%] Built target nodelet_generate_messages_nodejs
[ 10%] Built target bond_generate_messages_eus
[ 10%] Built target rosgraph_msgs_generate_messages_nodejs
[ 10%] Built target bond_generate_messages_py
[ 10%] Built target bond_generate_messages_lisp
[ 20%] Built target assignment2_package_generate_messages_cpp
[ 35%] Built target assignment2_package_generate_messages_py
[ 50%] Built target assignment2_package_generate_messages_eus
[ 60%] Built target assignment2_package_generate_messages_nodejs
[ 60%] Built target roscpp_generate_messages_nodejs
[35m[1mScanning dependencies of target node_C[0m
[35m[1mScanning dependencies of target test_node[0m
[35m[1mScanning dependencies of target node_B[0m
[ 60%] Built target assignment2_package_generate_messages
[35m[1mScanning dependencies of target node_A[0m
[ 65%] [32mBuilding CXX object CMakeFiles/node_B.dir/src/node_A.cpp.o[0m
[ 70%] [32mBuilding CXX object CMakeFiles/test_node.dir/src/test_node.cpp.o[0m
[ 75%] [32mBuilding CXX object CMakeFiles/node_A.dir/src/node_A.cpp.o[0m
[ 80%] [32mBuilding CXX object CMakeFiles/node_C.dir/src/node_A.cpp.o[0m
In file included from [01m[K/home/nikolavukas/project/src/assignment2_package/src/test_node.cpp:1[m[K:
[01m[K/home/nikolavukas/project/src/assignment2_package/src/gripper_control.h:[m[K In member function ‘[01m[Kvoid gripper_control::GripperController::close(int)[m[K’:
[01m[K/home/nikolavukas/project/src/assignment2_package/src/gripper_control.h:49:24:[m[K [01;31m[Kerror: [m[K‘[01m[KgetWidthForTag[m[K’ was not declared in this scope
   49 |         double width = [01;31m[KgetWidthForTag[m[K(tag_id);
      |                        [01;31m[K^~~~~~~~~~~~~~[m[K
[01m[K/home/nikolavukas/project/src/assignment2_package/src/node_A.cpp:[m[K In function ‘[01m[Kint main(int, char**)[m[K’:
[01m[K/home/nikolavukas/project/src/assignment2_package/src/node_A.cpp:277:105:[m[K [01;35m[Kwarning: [m[K‘[01m[Kdouble moveit::planning_interface::MoveGroupInterface::computeCartesianPath(const std::vector<geometry_msgs::Pose_<std::allocator<void> > >&, double, double, moveit_msgs::RobotTrajectory&, bool, moveit_msgs::MoveItErrorCodes*)[m[K’ is deprecated: Drop jump_threshold [[01;35m[K-Wdeprecated-declarations[m[K]
  277 |         double frac = arm_move_group.computeCartesianPath(waypoints, eef_step, jump_threshold, cart_traj[01;35m[K)[m[K;
      |                                                                                                         [01;35m[K^[m[K
In file included from [01m[K/home/nikolavukas/project/src/assignment2_package/src/node_A.cpp:5[m[K:
[01m[K/opt/ros/noetic/include/moveit/move_group_interface/move_group_interface.h:783:3:[m[K [01;36m[Knote: [m[Kdeclared here
  783 |   [01;36m[KcomputeCartesianPath[m[K(const std::vector<geometry_msgs::Pose>& waypoints, double eef_step, double /*jump_threshold*/,
      |   [01;36m[K^~~~~~~~~~~~~~~~~~~~[m[K
[01m[K/home/nikolavukas/project/src/assignment2_package/src/node_A.cpp:[m[K In function ‘[01m[Kint main(int, char**)[m[K’:
[01m[K/home/nikolavukas/project/src/assignment2_package/src/node_A.cpp:277:105:[m[K [01;35m[Kwarning: [m[K‘[01m[Kdouble moveit::planning_interface::MoveGroupInterface::computeCartesianPath(const std::vector<geometry_msgs::Pose_<std::allocator<void> > >&, double, double, moveit_msgs::RobotTrajectory&, bool, moveit_msgs::MoveItErrorCodes*)[m[K’ is deprecated: Drop jump_threshold [[01;35m[K-Wdeprecated-declarations[m[K]
  277 |         double frac = arm_move_group.computeCartesianPath(waypoints, eef_step, jump_threshold, cart_traj[01;35m[K)[m[K;
      |                                                                                                         [01;35m[K^[m[K
In file included from [01m[K/home/nikolavukas/project/src/assignment2_package/src/node_A.cpp:5[m[K:
[01m[K/opt/ros/noetic/include/moveit/move_group_interface/move_group_interface.h:783:3:[m[K [01;36m[Knote: [m[Kdeclared here
  783 |   [01;36m[KcomputeCartesianPath[m[K(const std::vector<geometry_msgs::Pose>& waypoints, double eef_step, double /*jump_threshold*/,
      |   [01;36m[K^~~~~~~~~~~~~~~~~~~~[m[K
[01m[K/home/nikolavukas/project/src/assignment2_package/src/node_A.cpp:[m[K In function ‘[01m[Kint main(int, char**)[m[K’:
[01m[K/home/nikolavukas/project/src/assignment2_package/src/node_A.cpp:277:105:[m[K [01;35m[Kwarning: [m[K‘[01m[Kdouble moveit::planning_interface::MoveGroupInterface::computeCartesianPath(const std::vector<geometry_msgs::Pose_<std::allocator<void> > >&, double, double, moveit_msgs::RobotTrajectory&, bool, moveit_msgs::MoveItErrorCodes*)[m[K’ is deprecated: Drop jump_threshold [[01;35m[K-Wdeprecated-declarations[m[K]
  277 |         double frac = arm_move_group.computeCartesianPath(waypoints, eef_step, jump_threshold, cart_traj[01;35m[K)[m[K;
      |                                                                                                         [01;35m[K^[m[K
In file included from [01m[K/home/nikolavukas/project/src/assignment2_package/src/node_A.cpp:5[m[K:
[01m[K/opt/ros/noetic/include/moveit/move_group_interface/move_group_interface.h:783:3:[m[K [01;36m[Knote: [m[Kdeclared here
  783 |   [01;36m[KcomputeCartesianPath[m[K(const std::vector<geometry_msgs::Pose>& waypoints, double eef_step, double /*jump_threshold*/,
      |   [01;36m[K^~~~~~~~~~~~~~~~~~~~[m[K
make[2]: *** [CMakeFiles/test_node.dir/build.make:63: CMakeFiles/test_node.dir/src/test_node.cpp.o] Error 1
make[1]: *** [CMakeFiles/Makefile2:928: CMakeFiles/test_node.dir/all] Error 2
make[1]: *** Waiting for unfinished jobs....
[ 85%] [32m[1mLinking CXX executable /home/nikolavukas/project/devel/.private/assignment2_package/lib/assignment2_package/node_C[0m
[ 90%] [32m[1mLinking CXX executable /home/nikolavukas/project/devel/.private/assignment2_package/lib/assignment2_package/node_B[0m
[ 95%] [32m[1mLinking CXX executable /home/nikolavukas/project/devel/.private/assignment2_package/lib/assignment2_package/node_A[0m
[ 95%] Built target node_C
[ 95%] Built target node_B
[ 95%] Built target node_A
make: *** [Makefile:141: all] Error 2
