[01m[K/home/nikolavukas/project/src/assignment2_package/src/node_A.cpp:[m[K In function ‘[01m[Kint main(int, char**)[m[K’:
[01m[K/home/nikolavukas/project/src/assignment2_package/src/node_A.cpp:274:105:[m[K [01;35m[Kwarning: [m[K‘[01m[Kdouble moveit::planning_interface::MoveGroupInterface::computeCartesianPath(const std::vector<geometry_msgs::Pose_<std::allocator<void> > >&, double, double, moveit_msgs::RobotTrajectory&, bool, moveit_msgs::MoveItErrorCodes*)[m[K’ is deprecated: Drop jump_threshold [[01;35m[K-Wdeprecated-declarations[m[K]
  274 |         double frac = arm_move_group.computeCartesianPath(waypoints, eef_step, jump_threshold, cart_traj[01;35m[K)[m[K;
      |                                                                                                         [01;35m[K^[m[K
In file included from [01m[K/home/nikolavukas/project/src/assignment2_package/src/node_A.cpp:5[m[K:
[01m[K/opt/ros/noetic/include/moveit/move_group_interface/move_group_interface.h:783:3:[m[K [01;36m[Knote: [m[Kdeclared here
  783 |   [01;36m[KcomputeCartesianPath[m[K(const std::vector<geometry_msgs::Pose>& waypoints, double eef_step, double /*jump_threshold*/,
      |   [01;36m[K^~~~~~~~~~~~~~~~~~~~[m[K
[01m[K/home/nikolavukas/project/src/assignment2_package/src/node_A.cpp:[m[K In function ‘[01m[Kint main(int, char**)[m[K’:
[01m[K/home/nikolavukas/project/src/assignment2_package/src/node_A.cpp:274:105:[m[K [01;35m[Kwarning: [m[K‘[01m[Kdouble moveit::planning_interface::MoveGroupInterface::computeCartesianPath(const std::vector<geometry_msgs::Pose_<std::allocator<void> > >&, double, double, moveit_msgs::RobotTrajectory&, bool, moveit_msgs::MoveItErrorCodes*)[m[K’ is deprecated: Drop jump_threshold [[01;35m[K-Wdeprecated-declarations[m[K]
  274 |         double frac = arm_move_group.computeCartesianPath(waypoints, eef_step, jump_threshold, cart_traj[01;35m[K)[m[K;
      |                                                                                                         [01;35m[K^[m[K
In file included from [01m[K/home/nikolavukas/project/src/assignment2_package/src/node_A.cpp:5[m[K:
[01m[K/opt/ros/noetic/include/moveit/move_group_interface/move_group_interface.h:783:3:[m[K [01;36m[Knote: [m[Kdeclared here
  783 |   [01;36m[KcomputeCartesianPath[m[K(const std::vector<geometry_msgs::Pose>& waypoints, double eef_step, double /*jump_threshold*/,
      |   [01;36m[K^~~~~~~~~~~~~~~~~~~~[m[K
[01m[K/home/nikolavukas/project/src/assignment2_package/src/node_A.cpp:[m[K In function ‘[01m[Kint main(int, char**)[m[K’:
[01m[K/home/nikolavukas/project/src/assignment2_package/src/node_A.cpp:274:105:[m[K [01;35m[Kwarning: [m[K‘[01m[Kdouble moveit::planning_interface::MoveGroupInterface::computeCartesianPath(const std::vector<geometry_msgs::Pose_<std::allocator<void> > >&, double, double, moveit_msgs::RobotTrajectory&, bool, moveit_msgs::MoveItErrorCodes*)[m[K’ is deprecated: Drop jump_threshold [[01;35m[K-Wdeprecated-declarations[m[K]
  274 |         double frac = arm_move_group.computeCartesianPath(waypoints, eef_step, jump_threshold, cart_traj[01;35m[K)[m[K;
      |                                                                                                         [01;35m[K^[m[K
In file included from [01m[K/home/nikolavukas/project/src/assignment2_package/src/node_A.cpp:5[m[K:
[01m[K/opt/ros/noetic/include/moveit/move_group_interface/move_group_interface.h:783:3:[m[K [01;36m[Knote: [m[Kdeclared here
  783 |   [01;36m[KcomputeCartesianPath[m[K(const std::vector<geometry_msgs::Pose>& waypoints, double eef_step, double /*jump_threshold*/,
      |   [01;36m[K^~~~~~~~~~~~~~~~~~~~[m[K
