[31m[1mCMake Error[0m at /home/nikolavukas/project/src/assignment2_package/CMakeLists.txt:43 (add_executable):
  Cannot find source file:

    src/manipulation_node.cpp

  Tried extensions .c .C .c++ .cc .cpp .cxx .cu .m .M .mm .h .hh .h++ .hm
  .hpp .hxx .in .txx


[31m[1mCMake Error[0m at /home/nikolavukas/project/src/assignment2_package/CMakeLists.txt:42 (add_executable):
  Cannot find source file:

    src/detection_collision_node.cpp

  Tried extensions .c .C .c++ .cc .cpp .cxx .cu .m .M .mm .h .hh .h++ .hm
  .hpp .hxx .in .txx


[31m[1mCMake Error[0m at /home/nikolavukas/project/src/assignment2_package/CMakeLists.txt:41 (add_executable):
  Cannot find source file:

    src/coordinator_node.cpp

  Tried extensions .c .C .c++ .cc .cpp .cxx .cu .m .M .mm .h .hh .h++ .hm
  .hpp .hxx .in .txx


[31m[1mCMake Error[0m at /home/nikolavukas/project/src/assignment2_package/CMakeLists.txt:43 (add_executable):
  No SOURCES given to target: manipulation_node


[31m[1mCMake Error[0m at /home/nikolavukas/project/src/assignment2_package/CMakeLists.txt:42 (add_executable):
  No SOURCES given to target: detection_collision_node


[31m[1mCMake Error[0m at /home/nikolavukas/project/src/assignment2_package/CMakeLists.txt:41 (add_executable):
  No SOURCES given to target: coordinator_node


CMake Generate step failed.  Build files cannot be regenerated correctly.
