[  0%] Built target std_msgs_generate_messages_nodejs
[  0%] Built target geometry_msgs_generate_messages_nodejs
[  0%] Built target _assignment2_package_generate_messages_check_deps_PlaceObject
[  0%] Built target geometry_msgs_generate_messages_py
[  0%] Built target _assignment2_package_generate_messages_check_deps_ObjectPose
[  0%] Built target _assignment2_package_generate_messages_check_deps_ObjectPoseArray
[  0%] Built target std_msgs_generate_messages_py
[  0%] Built target _assignment2_package_generate_messages_check_deps_PickObject
[  0%] Built target rosgraph_msgs_generate_messages_cpp
[  0%] Built target trajectory_msgs_generate_messages_py
[  0%] Built target tiago_iaslab_simulation_generate_messages_nodejs
[  0%] Built target shape_msgs_generate_messages_lisp
[  0%] Built target trajectory_msgs_generate_messages_lisp
[  0%] Built target _assignment2_package_generate_messages_check_deps_GetObjectPose
[  0%] Built target sensor_msgs_generate_messages_cpp
[  0%] Built target moveit_msgs_generate_messages_nodejs
[  0%] Built target tiago_iaslab_simulation_generate_messages_cpp
[  0%] Built target moveit_msgs_generate_messages_cpp
[  0%] Built target trajectory_msgs_generate_messages_cpp
[  0%] Built target actionlib_msgs_generate_messages_nodejs
[  0%] Built target tf_generate_messages_py
[  0%] Built target actionlib_msgs_generate_messages_lisp
[  0%] Built target trajectory_msgs_generate_messages_nodejs
[  0%] Built target actionlib_generate_messages_py
[  0%] Built target sensor_msgs_generate_messages_nodejs
[  0%] Built target actionlib_msgs_generate_messages_cpp
[  0%] Built target roscpp_generate_messages_py
[  0%] Built target rosgraph_msgs_generate_messages_eus
[  0%] Built target actionlib_generate_messages_nodejs
[  0%] Built target std_srvs_generate_messages_py
[  0%] Built target moveit_ros_planning_gencfg
[  0%] Built target moveit_msgs_generate_messages_py
[  0%] Built target geometry_msgs_generate_messages_cpp
[  0%] Built target sensor_msgs_generate_messages_py
[  0%] Built target tf2_msgs_generate_messages_eus
[  0%] Built target moveit_msgs_generate_messages_eus
[  0%] Built target dynamic_reconfigure_generate_messages_eus
[  0%] Built target object_recognition_msgs_generate_messages_eus
[  0%] Built target roscpp_generate_messages_cpp
[  0%] Built target object_recognition_msgs_generate_messages_nodejs
[  0%] Built target actionlib_msgs_generate_messages_eus
[  0%] Built target shape_msgs_generate_messages_nodejs
[  0%] Built target rosgraph_msgs_generate_messages_lisp
[  0%] Built target tf_generate_messages_eus
[  0%] Built target dynamic_reconfigure_generate_messages_py
[  0%] Built target visualization_msgs_generate_messages_cpp
[  0%] Built target std_srvs_generate_messages_cpp
[  0%] Built target trajectory_msgs_generate_messages_eus
[  0%] Built target geometry_msgs_generate_messages_eus
[  0%] Built target std_msgs_generate_messages_eus
[  0%] Built target actionlib_generate_messages_cpp
[  0%] Built target actionlib_msgs_generate_messages_py
[  0%] Built target moveit_msgs_generate_messages_lisp
[  0%] Built target object_recognition_msgs_generate_messages_cpp
[  0%] Built target std_msgs_generate_messages_cpp
[  0%] Built target nodelet_generate_messages_lisp
[  0%] Built target sensor_msgs_generate_messages_eus
[  0%] Built target shape_msgs_generate_messages_cpp
[  0%] Built target actionlib_generate_messages_lisp
[  0%] Built target geometry_msgs_generate_messages_lisp
[  0%] Built target moveit_ros_manipulation_gencfg
[  0%] Built target std_msgs_generate_messages_lisp
[  0%] Built target octomap_msgs_generate_messages_cpp
[  0%] Built target shape_msgs_generate_messages_eus
[  0%] Built target actionlib_generate_messages_eus
[  0%] Built target octomap_msgs_generate_messages_nodejs
[  0%] Built target octomap_msgs_generate_messages_lisp
[  0%] Built target apriltag_ros_generate_messages_py
[  0%] Built target bond_generate_messages_nodejs
[  0%] Built target dynamic_reconfigure_generate_messages_cpp
[  0%] Built target dynamic_reconfigure_generate_messages_lisp
[  0%] Built target dynamic_reconfigure_generate_messages_nodejs
[  0%] Built target tf2_msgs_generate_messages_cpp
[ 13%] Built target assignment2_package_generate_messages_lisp
[ 13%] Built target tf2_msgs_generate_messages_py
[ 13%] Built target bond_generate_messages_cpp
[ 13%] Built target visualization_msgs_generate_messages_lisp
[ 13%] Built target rosgraph_msgs_generate_messages_py
[ 13%] Built target dynamic_reconfigure_gencfg
[ 13%] Built target visualization_msgs_generate_messages_nodejs
[ 13%] Built target visualization_msgs_generate_messages_py
[ 13%] Built target octomap_msgs_generate_messages_py
[ 13%] Built target tf_generate_messages_cpp
[ 13%] Built target apriltag_ros_generate_messages_lisp
[ 13%] Built target tf2_msgs_generate_messages_lisp
[ 13%] Built target tf_generate_messages_nodejs
[ 13%] Built target shape_msgs_generate_messages_py
[ 13%] Built target tiago_iaslab_simulation_generate_messages_py
[ 13%] Built target std_srvs_generate_messages_eus
[ 13%] Built target roscpp_generate_messages_lisp
[ 13%] Built target std_srvs_generate_messages_lisp
[ 13%] Built target nodelet_generate_messages_py
[ 13%] Built target apriltag_ros_generate_messages_cpp
[ 13%] Built target std_srvs_generate_messages_nodejs
[ 13%] Built target roscpp_generate_messages_eus
[ 13%] Built target octomap_msgs_generate_messages_eus
[ 13%] Built target apriltag_ros_generate_messages_eus
[ 13%] Built target apriltag_ros_generate_messages_nodejs
[ 13%] Built target visualization_msgs_generate_messages_eus
[ 13%] Built target sensor_msgs_generate_messages_lisp
[ 13%] Built target tf2_msgs_generate_messages_nodejs
[ 13%] Built target nodelet_generate_messages_eus
[ 13%] Built target nodelet_generate_messages_cpp
[ 13%] Built target nodelet_generate_messages_nodejs
[ 13%] Built target bond_generate_messages_eus
[ 13%] Built target bond_generate_messages_lisp
[ 13%] Built target bond_generate_messages_py
[ 13%] Built target object_recognition_msgs_generate_messages_py
[ 13%] Built target tf_generate_messages_lisp
[ 13%] Built target tiago_iaslab_simulation_generate_messages_eus
[ 13%] Built target rosgraph_msgs_generate_messages_nodejs
[ 13%] Built target tiago_iaslab_simulation_generate_messages_lisp
[ 13%] Built target object_recognition_msgs_generate_messages_lisp
[ 13%] Built target roscpp_generate_messages_nodejs
[ 27%] Built target assignment2_package_generate_messages_cpp
[ 41%] Built target assignment2_package_generate_messages_nodejs
[ 61%] Built target assignment2_package_generate_messages_py
[ 77%] Built target assignment2_package_generate_messages_eus
[35m[1mScanning dependencies of target node_C[0m
[ 77%] Built target assignment2_package_generate_messages
[ 94%] Built target node_A
[ 94%] Built target node_B
[ 94%] Built target tables_node
[ 97%] [32mBuilding CXX object CMakeFiles/node_C.dir/src/node_C.cpp.o[0m
[01m[K/home/nikolavukas/project/src/assignment2_package/src/node_C.cpp:18:10:[m[K [01;31m[Kfatal error: [m[Kassignment2_package/gripper_control.h: No such file or directory
   18 | #include [01;31m[K"assignment2_package/gripper_control.h"[m[K
      |          [01;31m[K^~~~~~~~~~~~~~~~~~~~~~~~~~~~~~~~~~~~~~~[m[K
compilation terminated.
make[2]: *** [CMakeFiles/node_C.dir/build.make:63: CMakeFiles/node_C.dir/src/node_C.cpp.o] Error 1
make[1]: *** [CMakeFiles/Makefile2:522: CMakeFiles/node_C.dir/all] Error 2
make: *** [Makefile:141: all] Error 2
