Unlinking: /home/nikolavukas/project/devel/include/assignment2_package/GetObjectPoseRequest.h
Unlinking: /home/nikolavukas/project/devel/include/assignment2_package/PickObjectResponse.h
Unlinking: /home/nikolavukas/project/devel/include/assignment2_package/PickObjectRequest.h
Unlinking: /home/nikolavukas/project/devel/include/assignment2_package/GetObjectPoseResponse.h
Unlinking: /home/nikolavukas/project/devel/include/assignment2_package/GetObjectPose.h
Unlinking: /home/nikolavukas/project/devel/include/assignment2_package/PlaceObjectResponse.h
Unlinking: /home/nikolavukas/project/devel/include/assignment2_package/ObjectPoseArray.h
Unlinking: /home/nikolavukas/project/devel/include/assignment2_package/PlaceObjectRequest.h
Unlinking: /home/nikolavukas/project/devel/include/assignment2_package/PickObject.h
Unlinking: /home/nikolavukas/project/devel/include/assignment2_package/PlaceObject.h
Unlinking: /home/nikolavukas/project/devel/include/assignment2_package/ObjectPose.h
Unlinking: /home/nikolavukas/project/devel/lib/pkgconfig/assignment2_package.pc
Unlinking: /home/nikolavukas/project/devel/lib/python3/dist-packages/assignment2_package/__init__.py
Unlinking: /home/nikolavukas/project/devel/lib/python3/dist-packages/assignment2_package/msg/_ObjectPose.py
Unlinking: /home/nikolavukas/project/devel/lib/python3/dist-packages/assignment2_package/msg/_ObjectPoseArray.py
Unlinking: /home/nikolavukas/project/devel/lib/python3/dist-packages/assignment2_package/msg/__init__.py
Unlinking: /home/nikolavukas/project/devel/lib/python3/dist-packages/assignment2_package/srv/_PlaceObject.py
Unlinking: /home/nikolavukas/project/devel/lib/python3/dist-packages/assignment2_package/srv/_GetObjectPose.py
Unlinking: /home/nikolavukas/project/devel/lib/python3/dist-packages/assignment2_package/srv/_PickObject.py
Unlinking: /home/nikolavukas/project/devel/lib/python3/dist-packages/assignment2_package/srv/__init__.py
Unlinking: /home/nikolavukas/project/devel/lib/assignment2_package/node_C
Unlinking: /home/nikolavukas/project/devel/lib/assignment2_package/test_node
Unlinking: /home/nikolavukas/project/devel/lib/assignment2_package/tables_node
Unlinking: /home/nikolavukas/project/devel/lib/assignment2_package/node_A
Unlinking: /home/nikolavukas/project/devel/lib/assignment2_package/node_B
Unlinking: /home/nikolavukas/project/devel/share/roseus/ros/assignment2_package/manifest.l
Unlinking: /home/nikolavukas/project/devel/share/roseus/ros/assignment2_package/msg/ObjectPoseArray.l
Unlinking: /home/nikolavukas/project/devel/share/roseus/ros/assignment2_package/msg/ObjectPose.l
Unlinking: /home/nikolavukas/project/devel/share/roseus/ros/assignment2_package/srv/PlaceObject.l
Unlinking: /home/nikolavukas/project/devel/share/roseus/ros/assignment2_package/srv/GetObjectPose.l
Unlinking: /home/nikolavukas/project/devel/share/roseus/ros/assignment2_package/srv/PickObject.l
Unlinking: /home/nikolavukas/project/devel/share/assignment2_package/cmake/assignment2_packageConfig-version.cmake
Unlinking: /home/nikolavukas/project/devel/share/assignment2_package/cmake/assignment2_package-msg-extras.cmake
Unlinking: /home/nikolavukas/project/devel/share/assignment2_package/cmake/assignment2_package-msg-paths.cmake
Unlinking: /home/nikolavukas/project/devel/share/assignment2_package/cmake/assignment2_packageConfig.cmake
Unlinking: /home/nikolavukas/project/devel/share/gennodejs/ros/assignment2_package/_index.js
Unlinking: /home/nikolavukas/project/devel/share/gennodejs/ros/assignment2_package/msg/ObjectPoseArray.js
Unlinking: /home/nikolavukas/project/devel/share/gennodejs/ros/assignment2_package/msg/ObjectPose.js
Unlinking: /home/nikolavukas/project/devel/share/gennodejs/ros/assignment2_package/msg/_index.js
Unlinking: /home/nikolavukas/project/devel/share/gennodejs/ros/assignment2_package/srv/PlaceObject.js
Unlinking: /home/nikolavukas/project/devel/share/gennodejs/ros/assignment2_package/srv/PickObject.js
Unlinking: /home/nikolavukas/project/devel/share/gennodejs/ros/assignment2_package/srv/GetObjectPose.js
Unlinking: /home/nikolavukas/project/devel/share/gennodejs/ros/assignment2_package/srv/_index.js
Unlinking: /home/nikolavukas/project/devel/share/common-lisp/ros/assignment2_package/msg/_package_ObjectPose.lisp
Unlinking: /home/nikolavukas/project/devel/share/common-lisp/ros/assignment2_package/msg/assignment2_package-msg.asd
Unlinking: /home/nikolavukas/project/devel/share/common-lisp/ros/assignment2_package/msg/ObjectPose.lisp
Unlinking: /home/nikolavukas/project/devel/share/common-lisp/ros/assignment2_package/msg/ObjectPoseArray.lisp
Unlinking: /home/nikolavukas/project/devel/share/common-lisp/ros/assignment2_package/msg/_package_ObjectPoseArray.lisp
Unlinking: /home/nikolavukas/project/devel/share/common-lisp/ros/assignment2_package/msg/_package.lisp
Unlinking: /home/nikolavukas/project/devel/share/common-lisp/ros/assignment2_package/srv/assignment2_package-srv.asd
Unlinking: /home/nikolavukas/project/devel/share/common-lisp/ros/assignment2_package/srv/_package_GetObjectPose.lisp
Unlinking: /home/nikolavukas/project/devel/share/common-lisp/ros/assignment2_package/srv/_package_PickObject.lisp
Unlinking: /home/nikolavukas/project/devel/share/common-lisp/ros/assignment2_package/srv/GetObjectPose.lisp
Unlinking: /home/nikolavukas/project/devel/share/common-lisp/ros/assignment2_package/srv/PickObject.lisp
Unlinking: /home/nikolavukas/project/devel/share/common-lisp/ros/assignment2_package/srv/PlaceObject.lisp
Unlinking: /home/nikolavukas/project/devel/share/common-lisp/ros/assignment2_package/srv/_package.lisp
Unlinking: /home/nikolavukas/project/devel/share/common-lisp/ros/assignment2_package/srv/_package_PlaceObject.lisp
