[35m[1mScanning dependencies of target std_msgs_generate_messages_cpp[0m
[  0%] Built target std_msgs_generate_messages_cpp
[35m[1mScanning dependencies of target _tiago_iaslab_simulation_generate_messages_check_deps_Coeffs[0m
[  0%] Built target _tiago_iaslab_simulation_generate_messages_check_deps_Coeffs
[35m[1mScanning dependencies of target _tiago_iaslab_simulation_generate_messages_check_deps_Objs[0m
[  0%] Built target _tiago_iaslab_simulation_generate_messages_check_deps_Objs
[35m[1mScanning dependencies of target tiago_iaslab_simulation_get_straightline[0m
[  5%] [32mBuilding CXX object CMakeFiles/tiago_iaslab_simulation_get_straightline.dir/src/get_straightline_node.cpp.o[0m
[35m[1mScanning dependencies of target std_msgs_generate_messages_nodejs[0m
[  5%] Built target std_msgs_generate_messages_nodejs
[35m[1mScanning dependencies of target std_msgs_generate_messages_lisp[0m
[  5%] Built target std_msgs_generate_messages_lisp
[35m[1mScanning dependencies of target std_msgs_generate_messages_eus[0m
[  5%] Built target std_msgs_generate_messages_eus
[35m[1mScanning dependencies of target std_msgs_generate_messages_py[0m
[  5%] Built target std_msgs_generate_messages_py
[35m[1mScanning dependencies of target tiago_iaslab_simulation_generate_messages_cpp[0m
[ 10%] [34m[1mGenerating C++ code from tiago_iaslab_simulation/Objs.srv[0m
[ 15%] [34m[1mGenerating C++ code from tiago_iaslab_simulation/Coeffs.srv[0m
[35m[1mScanning dependencies of target tiago_iaslab_simulation_generate_messages_nodejs[0m
[ 20%] [34m[1mGenerating Javascript code from tiago_iaslab_simulation/Objs.srv[0m
[ 25%] [34m[1mGenerating Javascript code from tiago_iaslab_simulation/Coeffs.srv[0m
[35m[1mScanning dependencies of target tiago_iaslab_simulation_generate_messages_lisp[0m
[ 25%] Built target tiago_iaslab_simulation_generate_messages_nodejs
[ 30%] [34m[1mGenerating Lisp code from tiago_iaslab_simulation/Objs.srv[0m
[ 30%] Built target tiago_iaslab_simulation_generate_messages_cpp
[35m[1mScanning dependencies of target tiago_iaslab_simulation_generate_messages_eus[0m
[35m[1mScanning dependencies of target tiago_iaslab_simulation_generate_messages_py[0m
[ 40%] [34m[1mGenerating EusLisp code from tiago_iaslab_simulation/Objs.srv[0m
[ 40%] [34m[1mGenerating Python code from SRV tiago_iaslab_simulation/Objs[0m
[ 45%] [34m[1mGenerating Lisp code from tiago_iaslab_simulation/Coeffs.srv[0m
[ 45%] Built target tiago_iaslab_simulation_generate_messages_lisp
[ 50%] [34m[1mGenerating Python code from SRV tiago_iaslab_simulation/Coeffs[0m
[ 55%] [34m[1mGenerating EusLisp code from tiago_iaslab_simulation/Coeffs.srv[0m
[ 60%] [34m[1mGenerating EusLisp manifest code for tiago_iaslab_simulation[0m
[ 65%] [34m[1mGenerating Python srv __init__.py for tiago_iaslab_simulation[0m
[ 65%] Built target tiago_iaslab_simulation_generate_messages_py
[ 65%] Built target tiago_iaslab_simulation_generate_messages_eus
[35m[1mScanning dependencies of target tiago_iaslab_simulation_generate_messages[0m
[ 65%] Built target tiago_iaslab_simulation_generate_messages
[ 70%] [32m[1mLinking CXX shared library /home/nikolavukas/project/devel/.private/tiago_iaslab_simulation/lib/libtiago_iaslab_simulation_get_straightline.so[0m
[ 70%] Built target tiago_iaslab_simulation_get_straightline
[35m[1mScanning dependencies of target tiago_iaslab_simulation_apriltagids[0m
[35m[1mScanning dependencies of target get_straightline_node[0m
[ 75%] [32mBuilding CXX object CMakeFiles/tiago_iaslab_simulation_apriltagids.dir/src/apriltag_ids.cpp.o[0m
[ 80%] [32mBuilding CXX object CMakeFiles/get_straightline_node.dir/src/get_straightline_node.cpp.o[0m
[ 85%] [32m[1mLinking CXX shared library /home/nikolavukas/project/devel/.private/tiago_iaslab_simulation/lib/libtiago_iaslab_simulation_apriltagids.so[0m
[ 90%] [32m[1mLinking CXX executable /home/nikolavukas/project/devel/.private/tiago_iaslab_simulation/lib/tiago_iaslab_simulation/get_straightline_node[0m
[ 90%] Built target tiago_iaslab_simulation_apriltagids
[35m[1mScanning dependencies of target apriltag_ids_generator_node[0m
[ 95%] [32mBuilding CXX object CMakeFiles/apriltag_ids_generator_node.dir/src/apriltag_ids_generator_node.cpp.o[0m
[ 95%] Built target get_straightline_node
[100%] [32m[1mLinking CXX executable /home/nikolavukas/project/devel/.private/tiago_iaslab_simulation/lib/tiago_iaslab_simulation/apriltag_ids_generator_node[0m
[100%] Built target apriltag_ids_generator_node
