Linked: (/home/nikolavukas/project/devel/.private/tiago_iaslab_simulation/include/tiago_iaslab_simulation/ObjsRequest.h, /home/nikolavukas/project/devel/include/tiago_iaslab_simulation/ObjsRequest.h)
Linked: (/home/nikolavukas/project/devel/.private/tiago_iaslab_simulation/include/tiago_iaslab_simulation/ObjsResponse.h, /home/nikolavukas/project/devel/include/tiago_iaslab_simulation/ObjsResponse.h)
Linked: (/home/nikolavukas/project/devel/.private/tiago_iaslab_simulation/include/tiago_iaslab_simulation/CoeffsRequest.h, /home/nikolavukas/project/devel/include/tiago_iaslab_simulation/CoeffsRequest.h)
Linked: (/home/nikolavukas/project/devel/.private/tiago_iaslab_simulation/include/tiago_iaslab_simulation/Coeffs.h, /home/nikolavukas/project/devel/include/tiago_iaslab_simulation/Coeffs.h)
Linked: (/home/nikolavukas/project/devel/.private/tiago_iaslab_simulation/include/tiago_iaslab_simulation/CoeffsResponse.h, /home/nikolavukas/project/devel/include/tiago_iaslab_simulation/CoeffsResponse.h)
Linked: (/home/nikolavukas/project/devel/.private/tiago_iaslab_simulation/include/tiago_iaslab_simulation/Objs.h, /home/nikolavukas/project/devel/include/tiago_iaslab_simulation/Objs.h)
Linked: (/home/nikolavukas/project/devel/.private/tiago_iaslab_simulation/lib/libtiago_iaslab_simulation_apriltagids.so, /home/nikolavukas/project/devel/lib/libtiago_iaslab_simulation_apriltagids.so)
Linked: (/home/nikolavukas/project/devel/.private/tiago_iaslab_simulation/lib/libtiago_iaslab_simulation_get_straightline.so, /home/nikolavukas/project/devel/lib/libtiago_iaslab_simulation_get_straightline.so)
Linked: (/home/nikolavukas/project/devel/.private/tiago_iaslab_simulation/lib/pkgconfig/tiago_iaslab_simulation.pc, /home/nikolavukas/project/devel/lib/pkgconfig/tiago_iaslab_simulation.pc)
Linked: (/home/nikolavukas/project/devel/.private/tiago_iaslab_simulation/lib/python3/dist-packages/tiago_iaslab_simulation/__init__.py, /home/nikolavukas/project/devel/lib/python3/dist-packages/tiago_iaslab_simulation/__init__.py)
Linked: (/home/nikolavukas/project/devel/.private/tiago_iaslab_simulation/lib/python3/dist-packages/tiago_iaslab_simulation/srv/_Coeffs.py, /home/nikolavukas/project/devel/lib/python3/dist-packages/tiago_iaslab_simulation/srv/_Coeffs.py)
Linked: (/home/nikolavukas/project/devel/.private/tiago_iaslab_simulation/lib/python3/dist-packages/tiago_iaslab_simulation/srv/__init__.py, /home/nikolavukas/project/devel/lib/python3/dist-packages/tiago_iaslab_simulation/srv/__init__.py)
Linked: (/home/nikolavukas/project/devel/.private/tiago_iaslab_simulation/lib/python3/dist-packages/tiago_iaslab_simulation/srv/_Objs.py, /home/nikolavukas/project/devel/lib/python3/dist-packages/tiago_iaslab_simulation/srv/_Objs.py)
Linked: (/home/nikolavukas/project/devel/.private/tiago_iaslab_simulation/lib/tiago_iaslab_simulation/apriltag_ids_generator_node, /home/nikolavukas/project/devel/lib/tiago_iaslab_simulation/apriltag_ids_generator_node)
Linked: (/home/nikolavukas/project/devel/.private/tiago_iaslab_simulation/lib/tiago_iaslab_simulation/get_straightline_node, /home/nikolavukas/project/devel/lib/tiago_iaslab_simulation/get_straightline_node)
Linked: (/home/nikolavukas/project/devel/.private/tiago_iaslab_simulation/share/roseus/ros/tiago_iaslab_simulation/manifest.l, /home/nikolavukas/project/devel/share/roseus/ros/tiago_iaslab_simulation/manifest.l)
Linked: (/home/nikolavukas/project/devel/.private/tiago_iaslab_simulation/share/roseus/ros/tiago_iaslab_simulation/srv/Coeffs.l, /home/nikolavukas/project/devel/share/roseus/ros/tiago_iaslab_simulation/srv/Coeffs.l)
Linked: (/home/nikolavukas/project/devel/.private/tiago_iaslab_simulation/share/roseus/ros/tiago_iaslab_simulation/srv/Objs.l, /home/nikolavukas/project/devel/share/roseus/ros/tiago_iaslab_simulation/srv/Objs.l)
Linked: (/home/nikolavukas/project/devel/.private/tiago_iaslab_simulation/share/gennodejs/ros/tiago_iaslab_simulation/_index.js, /home/nikolavukas/project/devel/share/gennodejs/ros/tiago_iaslab_simulation/_index.js)
Linked: (/home/nikolavukas/project/devel/.private/tiago_iaslab_simulation/share/gennodejs/ros/tiago_iaslab_simulation/srv/Objs.js, /home/nikolavukas/project/devel/share/gennodejs/ros/tiago_iaslab_simulation/srv/Objs.js)
Linked: (/home/nikolavukas/project/devel/.private/tiago_iaslab_simulation/share/gennodejs/ros/tiago_iaslab_simulation/srv/Coeffs.js, /home/nikolavukas/project/devel/share/gennodejs/ros/tiago_iaslab_simulation/srv/Coeffs.js)
Linked: (/home/nikolavukas/project/devel/.private/tiago_iaslab_simulation/share/gennodejs/ros/tiago_iaslab_simulation/srv/_index.js, /home/nikolavukas/project/devel/share/gennodejs/ros/tiago_iaslab_simulation/srv/_index.js)
Linked: (/home/nikolavukas/project/devel/.private/tiago_iaslab_simulation/share/common-lisp/ros/tiago_iaslab_simulation/srv/Coeffs.lisp, /home/nikolavukas/project/devel/share/common-lisp/ros/tiago_iaslab_simulation/srv/Coeffs.lisp)
Linked: (/home/nikolavukas/project/devel/.private/tiago_iaslab_simulation/share/common-lisp/ros/tiago_iaslab_simulation/srv/_package_Coeffs.lisp, /home/nikolavukas/project/devel/share/common-lisp/ros/tiago_iaslab_simulation/srv/_package_Coeffs.lisp)
Linked: (/home/nikolavukas/project/devel/.private/tiago_iaslab_simulation/share/common-lisp/ros/tiago_iaslab_simulation/srv/tiago_iaslab_simulation-srv.asd, /home/nikolavukas/project/devel/share/common-lisp/ros/tiago_iaslab_simulation/srv/tiago_iaslab_simulation-srv.asd)
Linked: (/home/nikolavukas/project/devel/.private/tiago_iaslab_simulation/share/common-lisp/ros/tiago_iaslab_simulation/srv/Objs.lisp, /home/nikolavukas/project/devel/share/common-lisp/ros/tiago_iaslab_simulation/srv/Objs.lisp)
Linked: (/home/nikolavukas/project/devel/.private/tiago_iaslab_simulation/share/common-lisp/ros/tiago_iaslab_simulation/srv/_package.lisp, /home/nikolavukas/project/devel/share/common-lisp/ros/tiago_iaslab_simulation/srv/_package.lisp)
Linked: (/home/nikolavukas/project/devel/.private/tiago_iaslab_simulation/share/common-lisp/ros/tiago_iaslab_simulation/srv/_package_Objs.lisp, /home/nikolavukas/project/devel/share/common-lisp/ros/tiago_iaslab_simulation/srv/_package_Objs.lisp)
Linked: (/home/nikolavukas/project/devel/.private/tiago_iaslab_simulation/share/tiago_iaslab_simulation/cmake/tiago_iaslab_simulationConfig-version.cmake, /home/nikolavukas/project/devel/share/tiago_iaslab_simulation/cmake/tiago_iaslab_simulationConfig-version.cmake)
Linked: (/home/nikolavukas/project/devel/.private/tiago_iaslab_simulation/share/tiago_iaslab_simulation/cmake/tiago_iaslab_simulation-msg-paths.cmake, /home/nikolavukas/project/devel/share/tiago_iaslab_simulation/cmake/tiago_iaslab_simulation-msg-paths.cmake)
Linked: (/home/nikolavukas/project/devel/.private/tiago_iaslab_simulation/share/tiago_iaslab_simulation/cmake/tiago_iaslab_simulation-msg-extras.cmake, /home/nikolavukas/project/devel/share/tiago_iaslab_simulation/cmake/tiago_iaslab_simulation-msg-extras.cmake)
Linked: (/home/nikolavukas/project/devel/.private/tiago_iaslab_simulation/share/tiago_iaslab_simulation/cmake/tiago_iaslab_simulationConfig.cmake, /home/nikolavukas/project/devel/share/tiago_iaslab_simulation/cmake/tiago_iaslab_simulationConfig.cmake)
