Symlinking /home/nikolavukas/project/devel/include/tiago_iaslab_simulation/ObjsRequest.h
Symlinking /home/nikolavukas/project/devel/include/tiago_iaslab_simulation/ObjsResponse.h
Symlinking /home/nikolavukas/project/devel/include/tiago_iaslab_simulation/CoeffsRequest.h
Symlinking /home/nikolavukas/project/devel/include/tiago_iaslab_simulation/Coeffs.h
Symlinking /home/nikolavukas/project/devel/include/tiago_iaslab_simulation/CoeffsResponse.h
Symlinking /home/nikolavukas/project/devel/include/tiago_iaslab_simulation/Objs.h
Symlinking /home/nikolavukas/project/devel/lib/libtiago_iaslab_simulation_apriltagids.so
Symlinking /home/nikolavukas/project/devel/lib/libtiago_iaslab_simulation_get_straightline.so
Symlinking /home/nikolavukas/project/devel/lib/pkgconfig/tiago_iaslab_simulation.pc
Symlinking /home/nikolavukas/project/devel/lib/python3/dist-packages/tiago_iaslab_simulation/__init__.py
Symlinking /home/nikolavukas/project/devel/lib/python3/dist-packages/tiago_iaslab_simulation/srv/_Coeffs.py
Symlinking /home/nikolavukas/project/devel/lib/python3/dist-packages/tiago_iaslab_simulation/srv/__init__.py
Symlinking /home/nikolavukas/project/devel/lib/python3/dist-packages/tiago_iaslab_simulation/srv/_Objs.py
Symlinking /home/nikolavukas/project/devel/lib/tiago_iaslab_simulation/apriltag_ids_generator_node
Symlinking /home/nikolavukas/project/devel/lib/tiago_iaslab_simulation/get_straightline_node
Symlinking /home/nikolavukas/project/devel/share/roseus/ros/tiago_iaslab_simulation/manifest.l
Symlinking /home/nikolavukas/project/devel/share/roseus/ros/tiago_iaslab_simulation/srv/Coeffs.l
Symlinking /home/nikolavukas/project/devel/share/roseus/ros/tiago_iaslab_simulation/srv/Objs.l
Symlinking /home/nikolavukas/project/devel/share/gennodejs/ros/tiago_iaslab_simulation/_index.js
Symlinking /home/nikolavukas/project/devel/share/gennodejs/ros/tiago_iaslab_simulation/srv/Objs.js
Symlinking /home/nikolavukas/project/devel/share/gennodejs/ros/tiago_iaslab_simulation/srv/Coeffs.js
Symlinking /home/nikolavukas/project/devel/share/gennodejs/ros/tiago_iaslab_simulation/srv/_index.js
Symlinking /home/nikolavukas/project/devel/share/common-lisp/ros/tiago_iaslab_simulation/srv/Coeffs.lisp
Symlinking /home/nikolavukas/project/devel/share/common-lisp/ros/tiago_iaslab_simulation/srv/_package_Coeffs.lisp
Symlinking /home/nikolavukas/project/devel/share/common-lisp/ros/tiago_iaslab_simulation/srv/tiago_iaslab_simulation-srv.asd
Symlinking /home/nikolavukas/project/devel/share/common-lisp/ros/tiago_iaslab_simulation/srv/Objs.lisp
Symlinking /home/nikolavukas/project/devel/share/common-lisp/ros/tiago_iaslab_simulation/srv/_package.lisp
Symlinking /home/nikolavukas/project/devel/share/common-lisp/ros/tiago_iaslab_simulation/srv/_package_Objs.lisp
Symlinking /home/nikolavukas/project/devel/share/tiago_iaslab_simulation/cmake/tiago_iaslab_simulationConfig-version.cmake
Symlinking /home/nikolavukas/project/devel/share/tiago_iaslab_simulation/cmake/tiago_iaslab_simulation-msg-paths.cmake
Symlinking /home/nikolavukas/project/devel/share/tiago_iaslab_simulation/cmake/tiago_iaslab_simulation-msg-extras.cmake
Symlinking /home/nikolavukas/project/devel/share/tiago_iaslab_simulation/cmake/tiago_iaslab_simulationConfig.cmake
