[33m[1mCMake Warning[0m at /home/nikolavukas/project/build/apriltag_finder/cmake/apriltag_finder-genmsg.cmake:3 (message):
  Invoking generate_messages() without having added any message or service
  file before.

  You should either add add_message_files() and/or add_service_files() calls
  or remove the invocation of generate_messages().
[36mCall Stack (most recent call first):[0m
  /opt/ros/noetic/share/genmsg/cmake/genmsg-extras.cmake:307 (include)
  CMakeLists.txt:30 (generate_messages)


[31m[1mCMake Error[0m at /home/nikolavukas/project/src/apriltag_finder/CMakeLists.txt:46 (add_executable):
  Cannot find source file:

    src/node_b.cpp

  Tried extensions .c .C .c++ .cc .cpp .cxx .cu .m .M .mm .h .hh .h++ .hm
  .hpp .hxx .in .txx


[31m[1mCMake Error[0m at /home/nikolavukas/project/src/apriltag_finder/CMakeLists.txt:45 (add_executable):
  Cannot find source file:

    src/node_a.cpp

  Tried extensions .c .C .c++ .cc .cpp .cxx .cu .m .M .mm .h .hh .h++ .hm
  .hpp .hxx .in .txx


[31m[1mCMake Error[0m at /home/nikolavukas/project/src/apriltag_finder/CMakeLists.txt:46 (add_executable):
  No SOURCES given to target: node_b


[31m[1mCMake Error[0m at /home/nikolavukas/project/src/apriltag_finder/CMakeLists.txt:45 (add_executable):
  No SOURCES given to target: node_a


CMake Generate step failed.  Build files cannot be regenerated correctly.
make: *** [Makefile:1034: cmake_check_build_system] Error 1
